TMS340 COFF Macro Assembler Version 6.10     Tue Dec 19 01:45:00 2023
 Copyright (c) 1985-1991  Texas Instruments Incorporated 

                                                                     PAGE    1

       1                            .FILE "imgpal.asm"
       2                            .OPTION B,D,L,T
       3                    
       4                            .include imgtbl2.glo
       5 00000000                   .DATA
       6 00000000                   .even
       7                    
       8 00000000           LED_P:
       9 00000000     0005          .word     5
      10 00000010     0000          .word   00H,05H,07FFFH,01B4H,018C6H
      11                    
      12 00000060           DIAGP:
      13 00000060     001d          .word    29
      14 00000070     0000          .word   00H,056B5H,07BDEH,07800H,07640H,077A0H,03C0H,01EH
      15 000000f0     3a8e          .word   03A8EH,035EH,035ADH,06F00H,033FH,079F7H,0781EH,0677FH
      16 00000170     6f9f          .word   06F9FH,07FFFH,025DAH,04H,00H,043H,0BF79H,0FCABH
      17 000001f0     d306          .word   0D306H,012A6H,06FB1H,07C00H,03E0H
      18                    
      19 00000240           WILPAL:
      20 00000240     00ff          .word   255
      21 00000250     0000          .word   00H,077BEH,05F9FH,0675EH,05B3FH,062FEH,0673BH,04F3FH
      22 000002d0     52ff          .word   052FFH,05AFDH,05F1BH,05ABEH,062FAH,04EDFH,056DDH,052BEH
      23 00000350     4abf          .word   04ABFH,052BDH,04EDDH,046BEH,046DDH,04E9DH,04A7EH,0527CH
      24 000003d0     469d          .word   0469DH,03A9FH,0427EH,03A7FH,0423EH,0425DH,04A3CH,03E3EH
      25 00000450     3e5d          .word   03E5DH,03E9BH,04E97H,0325FH,0423CH,049DDH,041FDH,03E5BH
      26 000004d0     365c          .word   0365CH,0323EH,0365BH,041FAH,03A59H,035DCH,02E1AH,039BAH
      27 00000550     3219          .word   03219H,0317DH,041F5H,031BAH,03998H,03E13H,025DBH,01DBDH
      28 000005d0     29ba          .word   029BAH,0317AH,031B8H,02E16H,0295CH,02DD7H,0259AH,025D7H
      29 00000650     2dd5          .word   02DD5H,041D0H,03DD1H,03175H,02D96H,01D3CH,01D99H,02559H
      30 000006d0     2597          .word   02597H,020FCH,029B4H,02177H,01D97H,02595H,031B0H,020F9H
      31 00000750     1958          .word   01958H,01D57H,02137H,02935H,01CF9H,01D75H,0396EH,02D8FH
      32 000007d0     356e          .word   0356EH,01556H,01936H,020F6H,0D38H,01555H,01935H,01516H
      33 00000850     1933          .word   01933H,01515H,018F5H,0D35H,0292EH,02D4CH,08F5H,0D12H
      34 000008d0     252b          .word   0252BH,0190FH,020EDH,01D0BH,020EBH,014CEH,08D1H,020E8H
      35 00000950     20a9          .word   020A9H,01CC9H,0106EH,0851H,01CA8H,01CC7H,01CA7H,0C8AH
      36 000009d0     1487          .word   01487H,01866H,01485H,0C87H,01466H,044AH,0846H,0C63H
      37 00000a50     0026          .word   026H,0823H,00H,07F94H,07317H,072D4H,066F6H,07A6EH
      38 00000ad0     766e          .word   0766EH,06A72H,06E8DH,0764BH,0724DH,05693H,05E8EH,0662EH
      39 00000b50     6a2c          .word   06A2CH,05A31H,0660CH,05A2EH,0620BH,05A4CH,04E0FH,059CCH
      40 00000bd0     5dab          .word   05DABH,05609H,059CAH,059C8H,04E0BH,055ABH,051C8H,055A7H
      41 00000c50     51a9          .word   051A9H,049EAH,045EBH,045ADH,05568H,04D8AH,0416EH,045C9H
      42 00000cd0     4d68          .word   04D68H,0496AH,04D86H,04988H,04188H,0398BH,03DA8H,04528H
      43 00000d50     4546          .word   04546H,04148H,0358AH,0394AH,03D48H,03D47H,0354AH,03929H
      44 00000dd0     3549          .word   03549H,0352AH,03567H,03D25H,03927H,03945H,03129H,03CE4H
      45 00000e50     2d0a          .word   02D0AH,03506H,03145H,03903H,030E8H,034E6H,03105H,02908H
      46 00000ed0     3121          .word   03121H,034E3H,034A5H,030E5H,028E8H,02508H,02D05H,02906H
      47 00000f50     28e7          .word   028E7H,02CE5H,02D01H,02CA6H,02903H,02CA3H,028E2H,01D06H
      48 00000fd0     28a4          .word   028A4H,024E3H,028C1H,020C6H,024C4H,020A6H,028A0H,01CC5H
      49 00001050     20a4          .word   020A4H,01CA5H,02462H,020A1H,02083H,01CA3H,01865H,01C63H
      50 000010d0     1c61          .word   01C61H,01444H,01462H,01461H,01001H,0C41H,0821H,03E2H
      51 00001150     0361          .word   0361H,0322H,02E2H,02A2H,0241H,01C1H,0141H,0E0H
      52 000011d0     7fe0          .word   07FE0H,07C00H,06C00H,05800H,04800H,03800H,07FE0H
      53                    
      54 00001240           NEWILPAL:
      55 00001240     00ff          .word   255
TMS340 COFF Macro Assembler Version 6.10     Tue Dec 19 01:45:00 2023
 Copyright (c) 1985-1991  Texas Instruments Incorporated 

                                                                     PAGE    2

      56 00001250     0000          .word   00H,077BEH,05F9FH,0675EH,05B3FH,062FEH,0673BH,04F3FH
      57 000012d0     52ff          .word   052FFH,05AFDH,05F1BH,05ABEH,062FAH,04EDFH,056DDH,052BEH
      58 00001350     4abf          .word   04ABFH,052BDH,04EDDH,046BEH,046DDH,04E9DH,04A7EH,0527CH
      59 000013d0     469d          .word   0469DH,03A9FH,0427EH,03A7FH,0423EH,0425DH,04A3CH,03E3EH
      60 00001450     3e5d          .word   03E5DH,03E9BH,04E97H,0325FH,0423CH,049DDH,041FDH,03E5BH
      61 000014d0     365c          .word   0365CH,0323EH,0365BH,041FAH,03A59H,035DCH,02E1AH,039BAH
      62 00001550     3219          .word   03219H,0317DH,041F5H,031BAH,03998H,03E13H,025DBH,01DBDH
      63 000015d0     29ba          .word   029BAH,0317AH,031B8H,02E16H,0295CH,02DD7H,0259AH,025D7H
      64 00001650     2dd5          .word   02DD5H,041D0H,03DD1H,03175H,02D96H,01D3CH,01D99H,02559H
      65 000016d0     2597          .word   02597H,020FCH,029B4H,02177H,01D97H,02595H,031B0H,020F9H
      66 00001750     1958          .word   01958H,01D57H,02137H,02935H,01CF9H,01D75H,0396EH,02D8FH
      67 000017d0     356e          .word   0356EH,01556H,01936H,020F6H,0D38H,01555H,01935H,01516H
      68 00001850     1933          .word   01933H,01515H,018F5H,0D35H,0292EH,02D4CH,08F5H,0D12H
      69 000018d0     252b          .word   0252BH,0190FH,020EDH,01D0BH,020EBH,014CEH,08D1H,020E8H
      70 00001950     20a9          .word   020A9H,01CC9H,0106EH,0851H,01CA8H,01CC7H,01CA7H,0C8AH
      71 000019d0     1487          .word   01487H,01866H,01485H,0C87H,01466H,044AH,0846H,0C63H
      72 00001a50     0026          .word   026H,0823H,00H,07F94H,07317H,072D4H,066F6H,07A6EH
      73 00001ad0     766e          .word   0766EH,06A72H,06E8DH,0764BH,0724DH,05693H,05E8EH,0662EH
      74 00001b50     6a2c          .word   06A2CH,05A31H,0660CH,05A2EH,0620BH,05A4CH,04E0FH,059CCH
      75 00001bd0     5dab          .word   05DABH,05609H,059CAH,059C8H,04E0BH,055ABH,051C8H,055A7H
      76 00001c50     51a9          .word   051A9H,049EAH,045EBH,045ADH,05568H,04D8AH,0416EH,045C9H
      77 00001cd0     4d68          .word   04D68H,0496AH,04D86H,04988H,04188H,0398BH,03DA8H,04528H
      78 00001d50     4546          .word   04546H,04148H,0358AH,0394AH,03D48H,03D47H,0354AH,03929H
      79 00001dd0     3549          .word   03549H,0352AH,03567H,03D25H,03927H,03945H,03129H,03CE4H
      80 00001e50     2d0a          .word   02D0AH,03506H,03145H,03903H,030E8H,034E6H,03105H,02908H
      81 00001ed0     3121          .word   03121H,034E3H,034A5H,030E5H,028E8H,02508H,02D05H,02906H
      82 00001f50     28e7          .word   028E7H,02CE5H,02D01H,02CA6H,02903H,02CA3H,028E2H,01D06H
      83 00001fd0     28a4          .word   028A4H,024E3H,028C1H,020C6H,024C4H,020A6H,028A0H,01CC5H
      84 00002050     20a4          .word   020A4H,01CA5H,02462H,020A1H,02083H,01CA3H,01865H,01C63H
      85 000020d0     1c61          .word   01C61H,01444H,01462H,01461H,01001H,0C41H,0821H,03E2H
      86 00002150     0361          .word   0361H,0322H,02E2H,02A2H,0241H,01C1H,0141H,0E0H
      87 000021d0     7fe0          .word   07FE0H,07FFFH,06F7BH,05AD6H,04A52H,039CEH,07FE0H
      88                    
      89 00002240           NEWILPAL2:
      90 00002240     00ff          .word   255
      91 00002250     0000          .word   00H,077BEH,05F9FH,0675EH,05B3FH,062FEH,0673BH,04F3FH
      92 000022d0     52ff          .word   052FFH,05AFDH,05F1BH,05ABEH,062FAH,04EDFH,056DDH,052BEH
      93 00002350     4abf          .word   04ABFH,052BDH,04EDDH,046BEH,046DDH,04E9DH,04A7EH,0527CH
      94 000023d0     469d          .word   0469DH,03A9FH,0427EH,03A7FH,0423EH,0425DH,04A3CH,03E3EH
      95 00002450     3e5d          .word   03E5DH,03E9BH,04E97H,0325FH,0423CH,049DDH,041FDH,03E5BH
      96 000024d0     365c          .word   0365CH,0323EH,0365BH,041FAH,03A59H,035DCH,02E1AH,039BAH
      97 00002550     3219          .word   03219H,0317DH,041F5H,031BAH,03998H,03E13H,025DBH,01DBDH
      98 000025d0     29ba          .word   029BAH,0317AH,031B8H,02E16H,0295CH,02DD7H,0259AH,025D7H
      99 00002650     2dd5          .word   02DD5H,041D0H,03DD1H,03175H,02D96H,01D3CH,01D99H,02559H
     100 000026d0     2597          .word   02597H,020FCH,029B4H,02177H,01D97H,02595H,031B0H,020F9H
     101 00002750     1958          .word   01958H,01D57H,02137H,02935H,01CF9H,01D75H,0396EH,02D8FH
     102 000027d0     356e          .word   0356EH,01556H,01936H,020F6H,0D38H,01555H,01935H,01516H
     103 00002850     1933          .word   01933H,01515H,018F5H,0D35H,0292EH,02D4CH,08F5H,0D12H
     104 000028d0     252b          .word   0252BH,0190FH,020EDH,01D0BH,020EBH,014CEH,08D1H,020E8H
     105 00002950     20a9          .word   020A9H,01CC9H,0106EH,0851H,01CA8H,01CC7H,01CA7H,0C8AH
     106 000029d0     1487          .word   01487H,01866H,01485H,0C87H,01466H,044AH,0846H,0C63H
     107 00002a50     0026          .word   026H,0823H,00H,07F94H,07317H,072D4H,066F6H,07A6EH
     108 00002ad0     766e          .word   0766EH,06A72H,06E8DH,0764BH,0724DH,05693H,05E8EH,0662EH
     109 00002b50     6a2c          .word   06A2CH,05A31H,0660CH,05A2EH,0620BH,05A4CH,04E0FH,059CCH
     110 00002bd0     5dab          .word   05DABH,05609H,059CAH,059C8H,04E0BH,055ABH,051C8H,055A7H
TMS340 COFF Macro Assembler Version 6.10     Tue Dec 19 01:45:00 2023
 Copyright (c) 1985-1991  Texas Instruments Incorporated 

                                                                     PAGE    3

     111 00002c50     51a9          .word   051A9H,049EAH,045EBH,045ADH,05568H,04D8AH,0416EH,045C9H
     112 00002cd0     4d68          .word   04D68H,0496AH,04D86H,04988H,04188H,0398BH,03DA8H,04528H
     113 00002d50     4546          .word   04546H,04148H,0358AH,0394AH,03D48H,03D47H,0354AH,03929H
     114 00002dd0     3549          .word   03549H,0352AH,03567H,03D25H,03927H,03945H,03129H,03CE4H
     115 00002e50     2d0a          .word   02D0AH,03506H,03145H,03903H,030E8H,034E6H,03105H,02908H
     116 00002ed0     3121          .word   03121H,034E3H,034A5H,030E5H,028E8H,02508H,02D05H,02906H
     117 00002f50     28e7          .word   028E7H,02CE5H,02D01H,02CA6H,02903H,02CA3H,028E2H,01D06H
     118 00002fd0     28a4          .word   028A4H,024E3H,028C1H,020C6H,024C4H,020A6H,028A0H,01CC5H
     119 00003050     20a4          .word   020A4H,01CA5H,02462H,020A1H,02083H,01CA3H,01865H,01C63H
     120 000030d0     1c61          .word   01C61H,01444H,01462H,01461H,01001H,0C41H,0821H,03E2H
     121 00003150     0361          .word   0361H,0322H,02E2H,02A2H,0241H,01C1H,0141H,0E0H
     122 000031d0     7fe0          .word   07FE0H,07FFFH,06F7BH,05AD6H,04A52H,039CEH,07FE0H
     123                    
     124 00003240           DUXPAL:
     125 00003240     000b          .word    11
     126 00003250     0000          .word   00H,07C00H,06739H,01FH,035ADH,077A0H,0741AH,01AH
     127 000032d0     0015          .word   015H,010H,0BH
     128                    
     129 00003300           SQTR_B_P:
     130 00003300     0018          .word    24
     131 00003310     0000          .word   00H,0635FH,0435FH,03F3FH,0371EH,032FEH,02ADEH,026BDH
     132 00003390     229d          .word   0229DH,01A77H,021F9H,025D8H,01112H,010A8H,00H,07FC0H
     133 00003410     7fa0          .word   07FA0H,07F80H,07F40H,07F20H,07F00H,07EC0H,07EA0H,07FFFH
     134                    
     135 00003490           SQTR_R_P:
     136 00003490     0018          .word    24
     137 000034a0     0000          .word   00H,07E72H,07DADH,07D8CH,0794AH,07929H,07929H,074E7H
     138 00003520     74e7          .word   074E7H,06063H,05C63H,05C63H,04463H,02063H,00H,07FC0H
     139 000035a0     7fa0          .word   07FA0H,07F80H,07F40H,07F20H,07F00H,07EC0H,07EA0H,07FFFH

 No Errors,  No Warnings
