TMS340 COFF Macro Assembler Version 6.10     Tue Dec 19 01:45:04 2023
 Copyright (c) 1985-1991  Texas Instruments Incorporated 

                                                                     PAGE    1

       1                            .file   "plyrseq.asm"
       3                            .width  132
       4                            .option b,d,l,t
       5                            .mnolist
       6                    
       7                    
       8                            .include        "mproc.equ"
       9                            .include        "disp.equ"
      10                            .include        "sys.equ"
      11                            .include        "imgtbl.glo"
      12                            .include        "imgtbl2.glo"
      13                            .include        "game.equ"
      14                            .include        "shawn.hdr"
      15                            .asg            1,SEQT
      16                            .include        "plyr.equ"
      17                            .include        "plyrseq.tbl"
      18                    
      19                    
      20                    
      21                    
      22 00001160     f584  swipe_snd       .word   0f584H,04H,08119H,0     ;swipe at ball
      23                    
      24                    
      25                            .ref    plyr_pass,plyr_shoot
      26                            .ref    seq_newdir
      27                            .ref    seq_slamball
      28                            .ref    seq_strtdunk
      29                            .ref    seq_jump
      30                            .ref    seq_jump2
      31                            .ref    seq_resetseq
      32                            .ref    seq_stand
      33                            .ref    seq_stealstand
      34                            .ref    seq_block,seq_push,seq_rebounda
      35                            .ref    seq_run
      36                            .ref    seq_snd
      37                            .ref    clr_autorbnd
      38                    
      39                    
      40                    
      41                            .def    w3run1
      42                            .def    w3desp1
      43                            .def    w1blok3,w2blok3,w4blok3,w5blok3
      44                            .def    w1blok2,w2blok2,w4blok2,w5blok2
      45                    
      46                    
      47                    
      48                    
      49                    
      50              8000  M_YF    .equ    08000H  ;Y free (OFLAGS)
      51                    
      52                    
      53 000011a0                   .text
      54                    
      55                    
      56                    
TMS340 COFF Macro Assembler Version 6.10     Tue Dec 19 01:45:04 2023
 Copyright (c) 1985-1991  Texas Instruments Incorporated 

basketball plyr sequence code                                        PAGE    2

      57                    
      58                            .asg    M_WRNONZ,F
      59                            .asg    M_WRNONZ|M_FLIPH,FF
      60                    
      61                    
      62 000011a0     0010  stnd2_t .word   EASYSTAG_M
      63 000011b0 00000000          .long   0
      64 000011d0 000012d0'         .long   ngxbs1_l,ngxbs2_l,ngxbs3_l,ngxbs4_l
      65 00001250 00001410'         .long   ngxbs5_l,ngxbs4_l,ngxbs3_l,ngxbs2_l
      66 000012d0           ngxbs1_l
      67 000012d0                   WLW     10,w1stand,F
      68 00001310                   W0
      69 00001320           ngxbs2_l
      70 00001320                   WLW     10,w2stand,F
      71 00001360                   W0
      72 00001370           ngxbs3_l
      73 00001370                   WLW     10,w3stand,F
      74 000013b0                   W0
      75 000013c0           ngxbs4_l
      76 000013c0                   WLW     10,w4stand,F
      77 00001400                   W0
      78 00001410           ngxbs5_l
      79 00001410                   WLW     10,w5stand,F
      80 00001450                   W0
      81                    
      82                    
      83                    
      84 00001460           stnddef_t
      85 00001460     0010          .word   EASYSTAG_M
      86 00001470 00000000          .long   0
      87 00001490 00001590'         .long   ngxbsdef1_l,ngxbsdef2_l,ngxbsdef3_l,ngxbsdef4_l
      88 00001510 000016d0'         .long   ngxbsdef5_l,ngxbsdef4_l,ngxbsdef3_l,ngxbsdef2_l
      89                    
      90                    
      91 00001590           ngxbsdef1_l
      92 00001590                   WLW     10,w1dfcr1,F
      93 000015d0                   W0
      94 000015e0           ngxbsdef2_l
      95 000015e0                   WLW     10,w2dfcr1,F
      96 00001620                   W0
      97 00001630           ngxbsdef3_l
      98 00001630                   WLW     10,w3dfcr1,F
      99 00001670                   W0
     100 00001680           ngxbsdef4_l
     101 00001680                   WLW     10,w4dfcr1,F
     102 000016c0                   W0
     103 000016d0           ngxbsdef5_l
     104 000016d0                   WLW     10,w5dfcr1,F
     105 00001710                   W0
     106                    
     107                    
     108 00001720           stndwb_t
     109 00001720     0018          .word   EASYSTAG_M|NOMV_M
     110 00001730 00000000          .long   0
     111 00001750 00001850'         .long   ngxbstndwb1_l,ngxbstndwb2_l,ngxbstndwb3_l,ngxbstndwb4_l
TMS340 COFF Macro Assembler Version 6.10     Tue Dec 19 01:45:04 2023
 Copyright (c) 1985-1991  Texas Instruments Incorporated 

basketball plyr sequence code                                        PAGE    3

     112 000017d0 00001990'         .long   ngxbstndwb5_l,ngxbstndwb4_l,ngxbstndwb3_l,ngxbstndwb2_l
     113                    
     114 00001850           ngxbstndwb1_l
     115 00001850                   WLW     10,w1ohp1,F
     116 00001890                   W0
     117 000018a0           ngxbstndwb2_l
     118 000018a0                   WLW     10,w2stwbl,F
     119 000018e0                   W0
     120 000018f0           ngxbstndwb3_l
     121 000018f0                   WLW     10,w3stwbl,F
     122 00001930                   W0
     123 00001940           ngxbstndwb4_l
     124 00001940                   WLW     10,w4stwbl,F
     125 00001980                   W0
     126 00001990           ngxbstndwb5_l
     127 00001990                   WLW     10,w5stwbl,F
     128 000019d0                   W0
     129                    
     130                    
     131 000019e0           stnddrib_t
     132 000019e0     0110          .word   EASYSTAG_M|DRIBBLE_M
     133 000019f0 00000000          .long   0
     134 00001a10 00001b10'         .long   ngxbstndd1_l,ngxbstndd2_l,ngxbstndd3_l,ngxbstndd4_l
     135 00001a90 00002110'         .long   ngxbstndd5_l,ngxbstndd4_l,ngxbstndd3_l,ngxbstndd2_l
     136                    
     137 00001b10           ngxbstndd1_l
     138 00001b10                   WLW     1,w1dst1,F
     139 00001b50                   WLW     4,w1dst1,F|M_YF
     140 00001b90                   WLW     5,w1dst2,F
     141 00001bd0                   WLW     5,w1dst3,F
     142 00001c10                   WLW     5,w1dst4,F
     143 00001c50                   WLW     5,w1dst5,F
     144 00001c90                   WLW     5,w1dst6,F
     145 00001cd0                   W0
     146 00001ce0           ngxbstndd2_l
     147 00001ce0                   WLW     1,w2stand,F
     148 00001d20                   WLW     29,w2stand,F|M_YF
     149 00001d60                   W0
     150 00001d70           ngxbstndd3_l
     151 00001d70                   WLW     1,w3dst1,F
     152 00001db0                   WLW     4,w3dst1,F|M_YF
     153 00001df0                   WLW     5,w3dst2,F
     154 00001e30                   WLW     5,w3dst3,F
     155 00001e70                   WLW     5,w3dst4,F
     156 00001eb0                   WLW     5,w3dst5,F
     157 00001ef0                   WLW     5,w3dst6,F
     158 00001f30                   W0
     159 00001f40           ngxbstndd4_l
     160 00001f40                   WLW     1,w4dst1,F
     161 00001f80                   WLW     4,w4dst1,F|M_YF
     162 00001fc0                   WLW     5,w4dst2,F
     163 00002000                   WLW     5,w4dst3,F
     164 00002040                   WLW     5,w4dst4,F
     165 00002080                   WLW     5,w4dst5,F
     166 000020c0                   WLW     5,w4dst6,F
TMS340 COFF Macro Assembler Version 6.10     Tue Dec 19 01:45:04 2023
 Copyright (c) 1985-1991  Texas Instruments Incorporated 

basketball plyr sequence code                                        PAGE    4

     167 00002100                   W0
     168 00002110           ngxbstndd5_l
     169 00002110                   WLW     1,w5dst1,F
     170 00002150                   WLW     4,w5dst1,F|M_YF
     171 00002190                   WLW     5,w5dst2,F
     172 000021d0                   WLW     5,w5dst3,F
     173 00002210                   WLW     5,w5dst4,F
     174 00002250                   WLW     5,w5dst5,F
     175 00002290                   WLW     5,w5dst6,F
     176 000022d0                   W0
     177                    
     178 000022e0           stnddrib2_t
     179 000022e0     0110          .word   EASYSTAG_M|DRIBBLE_M
     180 000022f0 00000000          .long   0
     181 00002310 00002410'         .long   ngxbstndd21_l,ngxbstndd22_l,ngxbstndd23_l,ngxbstndd24_l
     182 00002390 00002730'         .long   ngxbstndd25_l,ngxbstndd24_l,ngxbstndd23_l,ngxbstndd22_l
     183                    
     184 00002410           ngxbstndd21_l
     185 00002410           ngxbstndd22_l
     186 00002410                   WLW     1,w1drcr1,F
     187 00002450                   WLW     4,w1drcr1,F|M_YF
     188 00002490                   WLW     5,w1drcr2,F
     189 000024d0                   WLW     5,w1drcr3,F
     190 00002510                   WLW     5,w1drcr4,F
     191 00002550                   WLW     5,w1drcr5,F
     192 00002590                   WLW     5,w1drcr6,F
     193 000025d0                   W0
     194 000025e0           ngxbstndd23_l
     195 000025e0                   WLW     1,w3drcr1,F
     196 00002620                   WLW     4,w3drcr1,F|M_YF
     197 00002660                   WLW     5,w3drcr2,F
     198 000026a0                   WLW     5,w3drcr3,F
     199 000026e0                   WLW     5,w3drcr4,F
     200 00002720                   W0
     201 00002730           ngxbstndd24_l
     202 00002730           ngxbstndd25_l
     203 00002730                   WLW     1,w4drcr1,F
     204 00002770                   WLW     4,w4drcr1,F|M_YF
     205 000027b0                   WLW     5,w4drcr2,F
     206 000027f0                   WLW     5,w4drcr3,F
     207 00002830                   WLW     5,w4drcr4,F
     208 00002870                   WLW     5,w4drcr5,F
     209 000028b0                   W0
     210                    
     211                    
     212 000028c0           stnddribdef_t
     213 000028c0     0110          .word   EASYSTAG_M|DRIBBLE_M
     214 000028d0 00000000          .long   0
     215 000028f0 000029f0'         .long   ngxbsdd1_l,ngxbsdd1_l,ngxbsdd3_l,ngxbsdd4_l
     216 00002970 00002ea0'         .long   ngxbsdd5_l,ngxbsdd4_l,ngxbsdd3_l,ngxbsdd1_l
     217 000029f0           ngxbsdd1_l
     218 000029f0                   WLW     1,w1drcr1,F
     219 00002a30                   WLW     2,w1drcr1,F|M_YF
     220 00002a70                   WLW     3,w1drcr2,F
     221 00002ab0                   WLW     3,w1drcr3,F
TMS340 COFF Macro Assembler Version 6.10     Tue Dec 19 01:45:04 2023
 Copyright (c) 1985-1991  Texas Instruments Incorporated 

basketball plyr sequence code                                        PAGE    5

     222 00002af0                   WLW     3,w1drcr4,F
     223 00002b30                   WLW     3,w1drcr5,F
     224 00002b70                   WLW     3,w1drcr6,F
     225 00002bb0                   W0
     226 00002bc0           ngxbsdd3_l
     227 00002bc0                   WLW     1,w3drcr1,F
     228 00002c00                   WLW     4,w3drcr1,F|M_YF
     229 00002c40                   WLW     5,w3drcr2,F
     230 00002c80                   WLW     4,w3drcr3,F
     231 00002cc0                   WLW     4,w3drcr4,F
     232 00002d00                   W0
     233 00002d10           ngxbsdd4_l
     234 00002d10                   WLW     1,w4drcr1,F
     235 00002d50                   WLW     3,w4drcr1,F|M_YF
     236 00002d90                   WLW     4,w4drcr2,F
     237 00002dd0                   WLW     4,w4drcr3,F
     238 00002e10                   WLW     3,w4drcr4,F
     239 00002e50                   WLW     3,w4drcr5,F
     240 00002e90                   W0
     241 00002ea0           ngxbsdd5_l
     242 00002ea0                   WLW     1,w5drcr1,F
     243 00002ee0                   WLW     2,w5drcr1,F|M_YF
     244 00002f20                   WLW     3,w5drcr2,F
     245 00002f60                   WLW     3,w5drcr3,F
     246 00002fa0                   WLW     3,w5drcr4,F
     247 00002fe0                   WLW     3,w5drcr5,F
     248 00003020                   WLW     3,w5drcr6,F
     249 00003060                   W0
     250                    
     251 00003070           run_t
     252 00003070     0000          .word   0
     253 00003080 00000000          .long   0
     254 000030a0 000031a0'         .long   hrsd1,hrsd2,hrsd3,hrsd4,hrsd5,hrsd4,hrsd3,hrsd2
     255                            .asg    4,N
     256 000031a0           hrsd1
     257 000031a0                   WLW     N,w1run1,F
     258 000031e0                   WLW     N,w1run2,F
     259 00003220                   WLW     N,w1run3,F
     260 00003260                   WLW     N,w1run4,F
     261 000032a0                   WLW     N,w1run5,F
     262 000032e0                   WLW     N,w1run6,F
     263 00003320                   WLW     N,w1run7,F
     264 00003360                   WLW     N,w1run8,F
     265 000033a0                   W0
     266 000033b0           hrsd2
     267 000033b0                   WLW     N,w2run1,F
     268 000033f0                   WLW     N,w2run2,F
     269 00003430                   WLW     N,w2run3,F
     270 00003470                   WLW     N,w2run4,F
     271 000034b0                   WLW     N,w2run5,F
     272 000034f0                   WLW     N,w2run6,F
     273 00003530                   WLW     N,w2run7,F
     274 00003570                   WLW     N,w2run8,F
     275 000035b0                   W0
     276 000035c0           hrsd3
TMS340 COFF Macro Assembler Version 6.10     Tue Dec 19 01:45:04 2023
 Copyright (c) 1985-1991  Texas Instruments Incorporated 

basketball plyr sequence code                                        PAGE    6

     277 000035c0                   WL      -1,seq_run
     278 000035f0                   WLW     N,w3run0,F
     279 00003630                   WLW     N,w3run1,F
     280 00003670                   WLW     N,w3run2,F
     281 000036b0                   WLW     N,w3run3,F
     282 000036f0                   WLW     N,w3run4,F
     283 00003730                   WLW     N,w3run5,F
     284 00003770                   WLW     N,w3run6,F
     285 000037b0                   WLW     N,w3run7,F
     286 000037f0                   WLW     N,w3run8,F
     287 00003830                   W0
     288 00003840           hrsd4
     289 00003840                   WLW     N,w4run1,F
     290 00003880                   WLW     N,w4run2,F
     291 000038c0                   WLW     N,w4run3,F
     292 00003900                   WLW     N,w4run4,F
     293 00003940                   WLW     N,w4run5,F
     294 00003980                   WLW     N,w4run6,F
     295 000039c0                   WLW     N,w4run7,F
     296 00003a00                   WLW     N,w4run8,F
     297 00003a40                   W0
     298 00003a50           hrsd5
     299 00003a50                   WLW     N,w5run1,F
     300 00003a90                   WLW     N,w5run2,F
     301 00003ad0                   WLW     N,w5run3,F
     302 00003b10                   WLW     N,w5run4,F
     303 00003b50                   WLW     N,w5run5,F
     304 00003b90                   WLW     N,w5run6,F
     305 00003bd0                   WLW     N,w5run7,F
     306 00003c10                   WLW     N,w5run8,F
     307 00003c50                   W0
     308 00003c60           runturb_t
     309 00003c60     0000          .word   0
     310 00003c70 00000000          .long   0
     311 00003c90 00003d90'         .long   wrqa1,wrqa2,wrqa3,wrqa4,wrqa5,wrqa4,wrqa3,wrqa2
     312                            .asg    3,N
     313 00003d90           wrqa1
     314 00003d90                   WLW     N,w1run1,F
     315 00003dd0                   WLW     N,w1run2,F
     316 00003e10                   WLW     N,w1run3,F
     317 00003e50                   WLW     N,w1run4,F
     318 00003e90                   WLW     N,w1run5,F
     319 00003ed0                   WLW     N,w1run6,F
     320 00003f10                   WLW     N,w1run7,F
     321 00003f50                   WLW     N,w1run8,F
     322 00003f90                   W0
     323 00003fa0           wrqa2
     324 00003fa0                   WLW     N,w2run1,F
     325 00003fe0                   WLW     N,w2run2,F
     326 00004020                   WLW     N,w2run3,F
     327 00004060                   WLW     N,w2run4,F
     328 000040a0                   WLW     N,w2run5,F
     329 000040e0                   WLW     N,w2run6,F
     330 00004120                   WLW     N,w2run7,F
     331 00004160                   WLW     N,w2run8,F
TMS340 COFF Macro Assembler Version 6.10     Tue Dec 19 01:45:04 2023
 Copyright (c) 1985-1991  Texas Instruments Incorporated 

basketball plyr sequence code                                        PAGE    7

     332 000041a0                   W0
     333 000041b0           wrqa3
     334 000041b0                   WLW     N,w3run1,F
     335 000041f0                   WLW     N,w3run2,F
     336 00004230                   WLW     N,w3run3,F
     337 00004270                   WLW     N,w3run4,F
     338 000042b0                   WLW     N,w3run5,F
     339 000042f0                   WLW     N,w3run6,F
     340 00004330                   WLW     N,w3run7,F
     341 00004370                   WLW     N,w3run8,F
     342 000043b0                   W0
     343 000043c0           wrqa4
     344 000043c0                   WLW     N,w4run1,F
     345 00004400                   WLW     N,w4run2,F
     346 00004440                   WLW     N,w4run3,F
     347 00004480                   WLW     N,w4run4,F
     348 000044c0                   WLW     N,w4run5,F
     349 00004500                   WLW     N,w4run6,F
     350 00004540                   WLW     N,w4run7,F
     351 00004580                   WLW     N,w4run8,F
     352 000045c0                   W0
     353 000045d0           wrqa5
     354 000045d0                   WLW     N,w5run1,F
     355 00004610                   WLW     N,w5run2,F
     356 00004650                   WLW     N,w5run3,F
     357 00004690                   WLW     N,w5run4,F
     358 000046d0                   WLW     N,w5run5,F
     359 00004710                   WLW     N,w5run6,F
     360 00004750                   WLW     N,w5run7,F
     361 00004790                   WLW     N,w5run8,F
     362 000047d0                   W0
     363                    
     364 000047e0           rundrib_t
     365 000047e0     0100          .word   DRIBBLE_M
     366 000047f0 00000000          .long   0
     367 00004810 00004910'         .long   kjak1,kjak2,kjak3,kjak4,kjak5,kjak4,kjak3,kjak2
     368                            .asg    4,N
     369 00004910           kjak1
     370 00004910                   WLW     1,w1drun1,F
     371 00004950                   WLW     N-1,w1drun1,F|M_YF
     372 00004990                   WLW     N,w1drun2,F
     373 000049d0                   WLW     N,w1drun3,F
     374 00004a10                   WLW     N,w1drun4,F
     375 00004a50                   WLW     N,w1drun5,F
     376 00004a90                   WLW     N,w1drun6,F
     377 00004ad0                   WLW     N,w1drun7,F
     378 00004b10                   WLW     N,w1drun8,F
     379 00004b50                   W0
     380 00004b60           kjak2
     381 00004b60                   WLW     1,w2drun1,F
     382 00004ba0                   WLW     N-1,w2drun1,F|M_YF
     383 00004be0                   WLW     N,w2drun2,F
     384 00004c20                   WLW     N,w2drun3,F
     385 00004c60                   WLW     N,w2drun4,F
     386 00004ca0                   WLW     N,w2drun5,F
TMS340 COFF Macro Assembler Version 6.10     Tue Dec 19 01:45:04 2023
 Copyright (c) 1985-1991  Texas Instruments Incorporated 

basketball plyr sequence code                                        PAGE    8

     387 00004ce0                   WLW     N,w2drun6,F
     388 00004d20                   WLW     N,w2drun7,F
     389 00004d60                   WLW     N,w2drun8,F
     390 00004da0                   W0
     391 00004db0           kjak3
     392 00004db0                   WLW     1,w3drun1,F
     393 00004df0                   WLW     N-1,w3drun1,F|M_YF
     394 00004e30                   WLW     N,w3drun2,F
     395 00004e70                   WLW     N,w3drun3,F
     396 00004eb0                   WLW     N,w3drun4,F
     397 00004ef0                   WLW     N,w3drun5,F
     398 00004f30                   WLW     N,w3drun6,F
     399 00004f70                   WLW     N,w3drun7,F
     400 00004fb0                   WLW     N,w3drun8,F
     401 00004ff0                   W0
     402 00005000           kjak4
     403 00005000                   WLW     1,w4drun1,F
     404 00005040                   WLW     N-1,w4drun1,F|M_YF
     405 00005080                   WLW     N,w4drun2,F
     406 000050c0                   WLW     N,w4drun3,F
     407 00005100                   WLW     N,w4drun4,F
     408 00005140                   WLW     N,w4drun5,F
     409 00005180                   WLW     N,w4drun6,F
     410 000051c0                   WLW     N,w4drun7,F
     411 00005200                   WLW     N,w4drun8,F
     412 00005240                   W0
     413 00005250           kjak5
     414 00005250                   WLW     1,w5drun1,F
     415 00005290                   WLW     N-1,w5drun1,F|M_YF
     416 000052d0                   WLW     N,w5drun2,F
     417 00005310                   WLW     N,w5drun3,F
     418 00005350                   WLW     N,w5drun4,F
     419 00005390                   WLW     N,w5drun5,F
     420 000053d0                   WLW     N,w5drun6,F
     421 00005410                   WLW     N,w5drun7,F
     422 00005450                   WLW     N,w5drun8,F
     423 00005490                   W0
     424 000054a0           rundribturb_t
     425 000054a0     0100          .word   DRIBBLE_M
     426 000054b0 00000000          .long   0
     427 000054d0 000055d0'         .long   ftcj1,ftcj2,ftcj3,ftcj4,ftcj5,ftcj4,ftcj3,ftcj2
     428                            .asg    3,N
     429 000055d0           ftcj1
     430 000055d0                   WLW     1,w1drun1,F
     431 00005610                   WLW     N-1,w1drun1,F|M_YF
     432 00005650                   WLW     N,w1drun2,F
     433 00005690                   WLW     N,w1drun3,F
     434 000056d0                   WLW     N,w1drun4,F
     435 00005710                   WLW     N,w1drun5,F
     436 00005750                   WLW     N,w1drun6,F
     437 00005790                   WLW     N,w1drun7,F
     438 000057d0                   WLW     N,w1drun8,F
     439 00005810                   W0
     440 00005820           ftcj2
     441 00005820                   WLW     1,w2drun1,F
TMS340 COFF Macro Assembler Version 6.10     Tue Dec 19 01:45:04 2023
 Copyright (c) 1985-1991  Texas Instruments Incorporated 

basketball plyr sequence code                                        PAGE    9

     442 00005860                   WLW     N-1,w2drun1,F|M_YF
     443 000058a0                   WLW     N,w2drun2,F
     444 000058e0                   WLW     N,w2drun3,F
     445 00005920                   WLW     N,w2drun4,F
     446 00005960                   WLW     N,w2drun5,F
     447 000059a0                   WLW     N,w2drun6,F
     448 000059e0                   WLW     N,w2drun7,F
     449 00005a20                   WLW     N,w2drun8,F
     450 00005a60                   W0
     451 00005a70           ftcj3
     452 00005a70                   WLW     1,w3drun1,F
     453 00005ab0                   WLW     N-1,w3drun1,F|M_YF
     454 00005af0                   WLW     N,w3drun2,F
     455 00005b30                   WLW     N,w3drun3,F
     456 00005b70                   WLW     N,w3drun4,F
     457 00005bb0                   WLW     N,w3drun5,F
     458 00005bf0                   WLW     N,w3drun6,F
     459 00005c30                   WLW     N,w3drun7,F
     460 00005c70                   WLW     N,w3drun8,F
     461 00005cb0                   W0
     462 00005cc0           ftcj4
     463 00005cc0                   WLW     1,w4drun1,F
     464 00005d00                   WLW     N-1,w4drun1,F|M_YF
     465 00005d40                   WLW     N,w4drun2,F
     466 00005d80                   WLW     N,w4drun3,F
     467 00005dc0                   WLW     N,w4drun4,F
     468 00005e00                   WLW     N,w4drun5,F
     469 00005e40                   WLW     N,w4drun6,F
     470 00005e80                   WLW     N,w4drun7,F
     471 00005ec0                   WLW     N,w4drun8,F
     472 00005f00                   W0
     473 00005f10           ftcj5
     474 00005f10                   WLW     1,w5drun1,F
     475 00005f50                   WLW     N-1,w5drun1,F|M_YF
     476 00005f90                   WLW     N,w5drun2,F
     477 00005fd0                   WLW     N,w5drun3,F
     478 00006010                   WLW     N,w5drun4,F
     479 00006050                   WLW     N,w5drun5,F
     480 00006090                   WLW     N,w5drun6,F
     481 000060d0                   WLW     N,w5drun7,F
     482 00006110                   WLW     N,w5drun8,F
     483 00006150                   W0
     484                    
     485                    
     486 00006160           walkfdef_t
     487 00006160     0001          .word   WALK_M
     488 00006170 00000000!         .long   seq_resetseq
     489 00006190 00006290'         .long   ftcjwfdef1_l,ftcjwfdef2_l,ftcjwfdef3_l,ftcjwfdef4_l
     490 00006210 000068d0'         .long   ftcjwfdef5_l,ftcjwfdef4_l,ftcjwfdef3_l,ftcjwfdef2_l
     491                    
     492 00006290           ftcjwfdef1_l
     493 00006290                   WLW     4,w1defwd1,F
     494 000062d0                   WLW     4,w1defwd6,F
     495 00006310                   WLW     4,w1defwd5,F
     496 00006350                   WLW     4,w1defwd4,F
TMS340 COFF Macro Assembler Version 6.10     Tue Dec 19 01:45:04 2023
 Copyright (c) 1985-1991  Texas Instruments Incorporated 

basketball plyr sequence code                                        PAGE   10

     497 00006390                   WLW     4,w1defwd3,F
     498 000063d0                   WLW     4,w1defwd2,F
     499 00006410                   W0
     500 00006420           ftcjwfdef2_l
     501 00006420                   WLW     4,w2defwd1,F
     502 00006460                   WLW     4,w2defwd6,F
     503 000064a0                   WLW     4,w2defwd5,F
     504 000064e0                   WLW     4,w2defwd4,F
     505 00006520                   WLW     4,w2defwd3,F
     506 00006560                   WLW     4,w2defwd2,F
     507 000065a0                   W0
     508 000065b0           ftcjwfdef3_l
     509 000065b0                   WLW     4,w3defwd1,F
     510 000065f0                   WLW     4,w3defwd6,F
     511 00006630                   WLW     4,w3defwd5,F
     512 00006670                   WLW     4,w3defwd4,F
     513 000066b0                   WLW     4,w3defwd3,F
     514 000066f0                   WLW     4,w3defwd2,F
     515 00006730                   W0
     516 00006740           ftcjwfdef4_l
     517 00006740                   WLW     4,w4defwd1,F
     518 00006780                   WLW     4,w4defwd6,F
     519 000067c0                   WLW     4,w4defwd5,F
     520 00006800                   WLW     4,w4defwd4,F
     521 00006840                   WLW     4,w4defwd3,F
     522 00006880                   WLW     4,w4defwd2,F
     523 000068c0                   W0
     524 000068d0           ftcjwfdef5_l
     525 000068d0                   WLW     4,w5defwd1,F
     526 00006910                   WLW     4,w5defwd6,F
     527 00006950                   WLW     4,w5defwd5,F
     528 00006990                   WLW     4,w5defwd4,F
     529 000069d0                   WLW     4,w5defwd3,F
     530 00006a10                   WLW     4,w5defwd2,F
     531 00006a50                   W0
     532                    
     533                    
     534 00006a60           walkbdef_t
     535 00006a60     0001          .word   WALK_M
     536 00006a70 00000000!         .long   seq_resetseq
     537 00006a90 00006b90'         .long   ftcjwbdef1_l,ftcjwbdef2_l,ftcjwbdef3_l,ftcjwbdef4_l
     538 00006b10 000071d0'         .long   ftcjwbdef5_l,ftcjwbdef4_l,ftcjwbdef3_l,ftcjwbdef2_l
     539                    
     540 00006b90           ftcjwbdef1_l
     541 00006b90                   WLW     4,w1defwd1,F
     542 00006bd0                   WLW     4,w1defwd2,F
     543 00006c10                   WLW     4,w1defwd3,F
     544 00006c50                   WLW     4,w1defwd4,F
     545 00006c90                   WLW     4,w1defwd5,F
     546 00006cd0                   WLW     4,w1defwd6,F
     547 00006d10                   W0
     548 00006d20           ftcjwbdef2_l
     549 00006d20                   WLW     4,w2defwd1,F
     550 00006d60                   WLW     4,w2defwd2,F
     551 00006da0                   WLW     4,w2defwd3,F
TMS340 COFF Macro Assembler Version 6.10     Tue Dec 19 01:45:04 2023
 Copyright (c) 1985-1991  Texas Instruments Incorporated 

basketball plyr sequence code                                        PAGE   11

     552 00006de0                   WLW     4,w2defwd4,F
     553 00006e20                   WLW     4,w2defwd5,F
     554 00006e60                   WLW     4,w2defwd6,F
     555 00006ea0                   W0
     556 00006eb0           ftcjwbdef3_l
     557 00006eb0                   WLW     4,w3defwd1,F
     558 00006ef0                   WLW     4,w3defwd2,F
     559 00006f30                   WLW     4,w3defwd3,F
     560 00006f70                   WLW     4,w3defwd4,F
     561 00006fb0                   WLW     4,w3defwd5,F
     562 00006ff0                   WLW     4,w3defwd6,F
     563 00007030                   W0
     564 00007040           ftcjwbdef4_l
     565 00007040                   WLW     4,w4defwd1,F
     566 00007080                   WLW     4,w4defwd2,F
     567 000070c0                   WLW     4,w4defwd3,F
     568 00007100                   WLW     4,w4defwd4,F
     569 00007140                   WLW     4,w4defwd5,F
     570 00007180                   WLW     4,w4defwd6,F
     571 000071c0                   W0
     572 000071d0           ftcjwbdef5_l
     573 000071d0                   WLW     4,w5defwd1,F
     574 00007210                   WLW     4,w5defwd2,F
     575 00007250                   WLW     4,w5defwd3,F
     576 00007290                   WLW     4,w5defwd4,F
     577 000072d0                   WLW     4,w5defwd5,F
     578 00007310                   WLW     4,w5defwd6,F
     579 00007350                   W0
     580                    
     581                    
     582 00007360           walkldef_t
     583 00007360     0001          .word   WALK_M
     584 00007370 00000000!         .long   seq_resetseq
     585 00007390 00007490'         .long   ftcjwldef1_l,ftcjwldef2_l,ftcjwldef3_l,ftcjwldef4_l
     586 00007410 00007a90'         .long   ftcjwldef5_l,ftcjwldef4_l,ftcjwldef3_l,ftcjwldef2_l
     587                    
     588 00007490           ftcjwldef1_l
     589 00007490                   WLW     4,w1dfcr1,F
     590 000074d0                   WLW     4,w1dfcr2,F
     591 00007510                   WLW     4,w1dfcr3,F
     592 00007550                   WLW     4,w1dfcr4,F
     593 00007590                   WLW     4,w1dfcr5,F
     594 000075d0                   WLW     4,w1dfcr6,F
     595 00007610                   W0
     596 00007620           ftcjwldef2_l
     597 00007620                   WLW     4,w2dfcr1,F
     598 00007660                   WLW     4,w2dfcr5,F
     599 000076a0                   WLW     4,w2dfcr4,F
     600 000076e0                   WLW     4,w2dfcr3,F
     601 00007720                   WLW     4,w2dfcr2,F
     602 00007760                   W0
     603 00007770           ftcjwldef3_l
     604 00007770                   WLW     4,w3dfcr1,F
     605 000077b0                   WLW     4,w3dfcr6,F
     606 000077f0                   WLW     4,w3dfcr5,F
TMS340 COFF Macro Assembler Version 6.10     Tue Dec 19 01:45:04 2023
 Copyright (c) 1985-1991  Texas Instruments Incorporated 

basketball plyr sequence code                                        PAGE   12

     607 00007830                   WLW     4,w3dfcr4,F
     608 00007870                   WLW     4,w3dfcr3,F
     609 000078b0                   WLW     4,w3dfcr2,F
     610 000078f0                   W0
     611 00007900           ftcjwldef4_l
     612 00007900                   WLW     4,w4dfcr1,F
     613 00007940                   WLW     4,w4dfcr6,F
     614 00007980                   WLW     4,w4dfcr5,F
     615 000079c0                   WLW     4,w4dfcr4,F
     616 00007a00                   WLW     4,w4dfcr3,F
     617 00007a40                   WLW     4,w4dfcr2,F
     618 00007a80                   W0
     619 00007a90           ftcjwldef5_l
     620 00007a90                   WLW     4,w5dfcr1,F
     621 00007ad0                   WLW     4,w5dfcr6,F
     622 00007b10                   WLW     4,w5dfcr5,F
     623 00007b50                   WLW     4,w5dfcr4,F
     624 00007b90                   WLW     4,w5dfcr3,F
     625 00007bd0                   WLW     4,w5dfcr2,F
     626 00007c10                   W0
     627                    
     628 00007c20           walkrdef_t
     629 00007c20     0001          .word   WALK_M
     630 00007c30 00000000!         .long   seq_resetseq
     631 00007c50 00007d50'         .long   ftcjwrdef1_l,ftcjwrdef2_l,ftcjwrdef3_l,ftcjwrdef4_l
     632 00007cd0 00008350'         .long   ftcjwrdef5_l,ftcjwrdef4_l,ftcjwrdef3_l,ftcjwrdef2_l
     633                    
     634 00007d50           ftcjwrdef1_l
     635 00007d50                   WLW     4,w1dfcr1,F
     636 00007d90                   WLW     4,w1dfcr6,F
     637 00007dd0                   WLW     4,w1dfcr5,F
     638 00007e10                   WLW     4,w1dfcr4,F
     639 00007e50                   WLW     4,w1dfcr3,F
     640 00007e90                   WLW     4,w1dfcr2,F
     641 00007ed0                   W0
     642 00007ee0           ftcjwrdef2_l
     643 00007ee0                   WLW     4,w2dfcr1,F
     644 00007f20                   WLW     4,w2dfcr2,F
     645 00007f60                   WLW     4,w2dfcr3,F
     646 00007fa0                   WLW     4,w2dfcr4,F
     647 00007fe0                   WLW     4,w2dfcr5,F
     648 00008020                   W0
     649 00008030           ftcjwrdef3_l
     650 00008030                   WLW     4,w3dfcr1,F
     651 00008070                   WLW     4,w3dfcr2,F
     652 000080b0                   WLW     4,w3dfcr3,F
     653 000080f0                   WLW     4,w3dfcr4,F
     654 00008130                   WLW     4,w3dfcr5,F
     655 00008170                   WLW     4,w3dfcr6,F
     656 000081b0                   W0
     657 000081c0           ftcjwrdef4_l
     658 000081c0                   WLW     4,w4dfcr1,F
     659 00008200                   WLW     4,w4dfcr2,F
     660 00008240                   WLW     4,w4dfcr3,F
     661 00008280                   WLW     4,w4dfcr4,F
TMS340 COFF Macro Assembler Version 6.10     Tue Dec 19 01:45:04 2023
 Copyright (c) 1985-1991  Texas Instruments Incorporated 

basketball plyr sequence code                                        PAGE   13

     662 000082c0                   WLW     4,w4dfcr5,F
     663 00008300                   WLW     4,w4dfcr6,F
     664 00008340                   W0
     665 00008350           ftcjwrdef5_l
     666 00008350                   WLW     4,w5dfcr1,F
     667 00008390                   WLW     4,w5dfcr2,F
     668 000083d0                   WLW     4,w5dfcr3,F
     669 00008410                   WLW     4,w5dfcr4,F
     670 00008450                   WLW     4,w5dfcr5,F
     671 00008490                   WLW     4,w5dfcr6,F
     672 000084d0                   W0
     673                    
     674 000084e0           block_t
     675 000084e0     20c4          .word   NOJUMP_M|DRIFT_M|BLOCKREB_M|NOJOY_M
     676 000084f0 00000000!         .long   seq_stand
     677 00008510 00008610'         .long   jiue1,jiue2,jiue3,jiue4,jiue5,jiue4,jiue3,jiue2
     678                    
     679 00008610           jiue1
     680 00008610                   WLW     3,w1blok1,F
     681 00008650                   WLW     3,w1blok2,F
     682 00008690                   WLL     -1,seq_block,w1blok3
     683 000086e0                   WLW     99,w1blok3,F
     684 00008720                   W0
     685 00008730           jiue2
     686 00008730                   WLW     3,w2blok1,F
     687 00008770                   WLW     3,w2blok2,F
     688 000087b0                   WLL     -1,seq_block,w2blok3
     689 00008800                   WLW     99,w2blok3,F
     690 00008840                   W0
     691 00008850           jiue3
     692 00008850                   WLW     3,w3blok1,F
     693 00008890                   WLW     3,w3blok2,F
     694 000088d0                   WLL     -1,seq_block,w3blok3
     695 00008920                   WLW     99,w3blok3,F
     696 00008960                   W0
     697 00008970           jiue4
     698 00008970                   WLW     3,w4blok1,F
     699 000089b0                   WLW     3,w4blok2,F
     700 000089f0                   WLL     -1,seq_block,w4blok3
     701 00008a40                   WLW     99,w4blok3,F
     702 00008a80                   W0
     703 00008a90           jiue5
     704 00008a90                   WLW     3,w5blok1,F
     705 00008ad0                   WLW     3,w5blok2,F
     706 00008b10                   WLL     -1,seq_block,w5blok3
     707 00008b60                   WLW     99,w5blok3,F
     708 00008ba0                   W0
     709 00008bb0           nospear_t
     710 00008bb0     20c4          .word   NOJUMP_M|DRIFT_M|BLOCKREB_M|NOJOY_M
     711 00008bc0 00000000!         .long   seq_stand
     712 00008be0 00008ce0'         .long   lkqm1,lkqm2,lkqm3,lkqm4,lkqm5,lkqm4,lkqm3,lkqm2
     713                    
     714 00008ce0           lkqm1
     715 00008ce0                   WLW     1,w1blok3,F
     716 00008d20                   WLW     3,w1reb2,FF
TMS340 COFF Macro Assembler Version 6.10     Tue Dec 19 01:45:04 2023
 Copyright (c) 1985-1991  Texas Instruments Incorporated 

basketball plyr sequence code                                        PAGE   14

     717 00008d60                   WLW     99,w1reb3,FF
     718 00008da0                   WLW     4,w1reb4,FF
     719 00008de0                   WLW     4,w1reb5,FF
     720 00008e20                   W0
     721 00008e30           lkqm2
     722 00008e30           lkqm3
     723 00008e30                   WLW     1,w2blok3,F
     724 00008e70                   WLW     4,w2reb3,F
     725 00008eb0                   WLW     99,w2reb5,F
     726 00008ef0                   WLW     4,w2reb6,F
     727 00008f30                   WLW     4,w2reb7,F
     728 00008f70                   W0
     729 00008f80           lkqm4
     730 00008f80                   WLW     1,w4blok3,F
     731 00008fc0                   WLW     4,w4reb2,F
     732 00009000                   WLW     99,w4reb4,F
     733 00009040                   WLW     4,w4reb5,F
     734 00009080                   WLW     4,w4reb6,F
     735 000090c0                   W0
     736 000090d0           lkqm5
     737 000090d0                   WLW     1,w5blok3,F
     738 00009110                   WLW     4,w4reb2,F
     739 00009150                   WLW     99,w4reb4,F
     740 00009190                   WLW     4,w4reb5,F
     741 000091d0                   WLW     4,w4reb6,F
     742 00009210                   W0
     743 00009220           blockrej_t
     744 00009220     20c4          .word   NOJUMP_M|DRIFT_M|BLOCKREB_M|NOJOY_M
     745 00009230 00000000!         .long   seq_stand
     746 00009250 00009350'         .long   fiou2,fiou2,fiou3,fiou3,fiou3,fiou3,fiou3,fiou2
     747 00009350           fiou2
     748 00009350                   WLW     2,w2rej1,F
     749 00009390                   WLW     2,w2rej2,F
     750 000093d0                   WLW     2,w2rej3,F
     751 00009410                   WLL     -1,seq_block,w2rej6
     752 00009460                   WLW     20,w2rej4,F
     753 000094a0                   WLL     -1,seq_snd,swipe_snd
     754 000094f0                   WLW     6,w2rej5,F
     755 00009530                   WLW     8,w2rej6,F
     756 00009570                   WLW     4,w2rej7,F
     757 000095b0                   WLW     77,w2rej8,F
     758 000095f0                   WLW     3,w2rej9,F              ;Land
     759 00009630                   W0
     760 00009640           fiou3
     761 00009640                   WLW     5,w3rej1,F
     762 00009680                   WLL     -1,seq_block,w3rej4
     763 000096d0                   WLW     20,w3rej2,F
     764 00009710                   WLL     -1,seq_snd,swipe_snd
     765 00009760                   WLW     6,w3rej3,F
     766 000097a0                   WLW     8,w3rej4,F
     767 000097e0                   WLW     3,w3rej5,F
     768 00009820                   WLW     3,w3rej6,F
     769 00009860                   WLW     77,w3rej7,F
     770 000098a0                   WLW     3,w3rej8,F
     771 000098e0                   WLW     3,w3rej9,F
TMS340 COFF Macro Assembler Version 6.10     Tue Dec 19 01:45:04 2023
 Copyright (c) 1985-1991  Texas Instruments Incorporated 

basketball plyr sequence code                                        PAGE   15

     772 00009920                   W0
     773                    
     774 00009930           fastblockrej_t
     775 00009930     20c4          .word   NOJUMP_M|DRIFT_M|BLOCKREB_M|NOJOY_M
     776 00009940 00000000!         .long   seq_stand
     777 00009960 00009a60'         .long   oefr2,oefr2,oefr3,oefr3,oefr3,oefr3,oefr3,oefr2
     778 00009a60           oefr2
     779 00009a60                   WLW     2,w2rej1,F
     780 00009aa0                   WLW     2,w2rej2,F
     781 00009ae0                   WLW     2,w2rej3,F
     782 00009b20                   WLL     -1,seq_block,w2rej6
     783 00009b70                   WLW     20,w2rej4,F             ;20
     784 00009bb0                   WLL     -1,seq_snd,swipe_snd
     785 00009c00                   WLW     4,w2rej5,F              ;6
     786 00009c40                   WLW     4,w2rej6,F              ;8
     787 00009c80                   WLW     4,w2rej7,F              ;4
     788 00009cc0                   WLW     83,w2rej8,F             ;77
     789 00009d00                   WLW     3,w2rej9,F              ;Land
     790 00009d40                   W0
     791 00009d50           oefr3
     792 00009d50                   WLW     3,w3rej1,F              ;5
     793 00009d90                   WLL     -1,seq_block,w3rej4
     794 00009de0                   WLW     20,w3rej2,F
     795 00009e20                   WLL     -1,seq_snd,swipe_snd
     796 00009e70                   WLW     3,w3rej3,F              ;6
     797 00009eb0                   WLW     3,w3rej4,F              ;8
     798 00009ef0                   WLW     3,w3rej5,F              ;3
     799 00009f30                   WLW     3,w3rej6,F              ;3
     800 00009f70                   WLW     85,w3rej7,F             ;77
     801 00009fb0                   WLW     3,w3rej8,F
     802 00009ff0                   WLW     3,w3rej9,F
     803 0000a030                   W0
     804                    
     805 0000a040           rebound_t
     806 0000a040     28c4          .word   NOJUMP_M|DRIFT_M|BLOCKREB_M|NOSTEAL_M|NOJOY_M
     807 0000a050 00000000!         .long   seq_stand
     808 0000a070 0000a170'         .long   wifx1,wifx2,wifx3,wifx4,wifx4,wifx4,wifx3,wifx2
     809 0000a170           wifx1
     810 0000a170                   WLW     6,w1blok1,F
     811 0000a1b0                   WLL     -1,seq_block,w1reb3
     812 0000a200                   WLW     3,w1reb1,F
     813 0000a240                   WLW     27,w1reb2,F
     814 0000a280                   WLW     77,w1reb3,F
     815 0000a2c0                   WLW     3,w1reb4,F              ;Land
     816 0000a300                   WLW     3,w1reb5,F
     817 0000a340                   W0
     818 0000a350           wifx2
     819 0000a350                   WLW     2,w2blok1,F
     820 0000a390                   WLW     2,w2reb1,F
     821 0000a3d0                   WLW     2,w2reb2,F
     822 0000a410                   WLL     -1,seq_block,w2reb5
     823 0000a460                   WLW     27,w2reb3,F
     824 0000a4a0                   WLW     3,w2reb4,F
     825 0000a4e0                   WLW     77,w2reb5,F
     826 0000a520                   WLW     3,w2reb6,F
TMS340 COFF Macro Assembler Version 6.10     Tue Dec 19 01:45:04 2023
 Copyright (c) 1985-1991  Texas Instruments Incorporated 

basketball plyr sequence code                                        PAGE   16

     827 0000a560                   WLW     3,w2reb7,F
     828 0000a5a0                   W0
     829 0000a5b0           wifx3
     830 0000a5b0                   WLW     3,w3blok1,F
     831 0000a5f0                   WLW     3,w3reb1,F
     832 0000a630                   WLL     -1,seq_block,w3reb4
     833 0000a680                   WLW     27,w3reb2,F
     834 0000a6c0                   WLW     3,w3reb3,F
     835 0000a700                   WLW     77,w3reb4,F
     836 0000a740                   WLW     3,w3reb5,F
     837 0000a780                   W0
     838 0000a790           wifx4
     839 0000a790                   WLW     3,w4blok1,F
     840 0000a7d0                   WLW     3,w4reb1,F
     841 0000a810                   WLL     -1,seq_block,w4reb4
     842 0000a860                   WLW     27,w4reb2,F
     843 0000a8a0                   WLW     3,w4reb3,F
     844 0000a8e0                   WLW     77,w4reb4,F
     845 0000a920                   WLW     3,w4reb5,F
     846 0000a960                   WLW     3,w4reb6,F
     847 0000a9a0                   W0
     848 0000a9b0           rebounda_t
     849 0000a9b0     38c4          .word   NOJUMP_M|DRIFT_M|BLOCKREB_M|NOSTEAL_M|NOJOY_M|NOCOLLP_M
     850 0000a9c0 00000000!         .long   seq_stand
     851 0000a9e0 0000aae0'         .long   zkbq1,zkbq2,zkbq3,zkbq4,zkbq4,zkbq4,zkbq3,zkbq2
     852 0000aae0           zkbq1
     853 0000aae0                   WLW     5,w1blok1,F
     854 0000ab20                   WLL     -1,seq_rebounda,w1reb3
     855 0000ab70                   WLW     5,w1reb1,F
     856 0000abb0                   WLW     14,w1reb2,F
     857 0000abf0                   WLW     77,w1reb3,F
     858 0000ac30                   WLW     3,w1reb4,F              ;Land
     859 0000ac70                   WLW     3,w1reb5,F
     860 0000acb0                   WL      -1,clr_autorbnd
     861 0000ace0                   W0
     862 0000acf0           zkbq2
     863 0000acf0                   WLW     1,w2blok1,F
     864 0000ad30                   WLW     2,w2reb1,F
     865 0000ad70                   WLW     2,w2reb2,F
     866 0000adb0                   WLL     -1,seq_rebounda,w2reb5
     867 0000ae00                   WLW     16,w2reb3,F
     868 0000ae40                   WLW     3,w2reb4,F
     869 0000ae80                   WLW     77,w2reb5,F
     870 0000aec0                   WLW     3,w2reb6,F
     871 0000af00                   WLW     3,w2reb7,F
     872 0000af40                   WL      -1,clr_autorbnd
     873 0000af70                   W0
     874 0000af80           zkbq3
     875 0000af80                   WLW     2,w3blok1,F
     876 0000afc0                   WLW     3,w3reb1,F
     877 0000b000                   WLL     -1,seq_rebounda,w3reb4
     878 0000b050                   WLW     16,w3reb2,F
     879 0000b090                   WLW     3,w3reb3,F
     880 0000b0d0                   WLW     77,w3reb4,F
     881 0000b110                   WLW     3,w3reb5,F
TMS340 COFF Macro Assembler Version 6.10     Tue Dec 19 01:45:04 2023
 Copyright (c) 1985-1991  Texas Instruments Incorporated 

basketball plyr sequence code                                        PAGE   17

     882 0000b150                   WL      -1,clr_autorbnd
     883 0000b180                   W0
     884 0000b190           zkbq4
     885 0000b190                   WLW     2,w4blok1,F
     886 0000b1d0                   WLW     3,w4reb1,F
     887 0000b210                   WLL     -1,seq_rebounda,w4reb4
     888 0000b260                   WLW     16,w4reb2,F
     889 0000b2a0                   WLW     3,w4reb3,F
     890 0000b2e0                   WLW     77,w4reb4,F
     891 0000b320                   WLW     3,w4reb5,F
     892 0000b360                   WLW     3,w4reb6,F
     893 0000b3a0                   WL      -1,clr_autorbnd
     894 0000b3d0                   W0
     895                    
     896 0000b3e0           shoot_t
     897 0000b3e0     2204          .word   NOJUMP_M|SHOOT_M|NOJOY_M
     898 0000b3f0 00000000!         .long   seq_stand
     899 0000b410 0000b510'         .long   qacr1,qacr2,qacr3,qacr4,qacr5,qacr4,qacr3,qacr2
     900                    
     901                            .asg    3,N
     902 0000b510           qacr1
     903 0000b510                   WLW     N,w1js1,F
     904 0000b550                   WLW     N,w1js2,F
     905 0000b590                   WLW     N,w1js3,F
     906 0000b5d0                   WL      -1,seq_jump
     907 0000b600                   WLW     77,w1js4,F
     908 0000b640                   WLW     77,w1js5,F
     909 0000b680                   WLW     4,w1js2,F
     910 0000b6c0                   WLW     3,w1js1,F
     911 0000b700                   W0
     912 0000b710           qacr2
     913 0000b710                   WLW     N,w2js1,F
     914 0000b750                   WLW     N,w2js2,F
     915 0000b790                   WLW     N,w2js3,F
     916 0000b7d0                   WL      -1,seq_jump
     917 0000b800                   WLW     77,w2js4,F
     918 0000b840                   WLW     77,w2js5,F
     919 0000b880                   WLW     3,w2js4,F
     920 0000b8c0                   WLW     3,w2js3,F
     921 0000b900                   WLW     3,w2js2,F
     922 0000b940                   WLW     2,w2js1,F
     923 0000b980                   W0
     924 0000b990           qacr3
     925 0000b990                   WLW     N,w3js1,F
     926 0000b9d0                   WLW     N,w3js2,F
     927 0000ba10                   WLW     N,w3js3,F
     928 0000ba50                   WL      -1,seq_jump
     929 0000ba80                   WLW     77,w3js4,F
     930 0000bac0                   WLW     3,w3js4,F
     931 0000bb00                   WLW     77,w3js5,F
     932 0000bb40                   WLW     3,w3js4,F
     933 0000bb80                   WLW     3,w3js3,F
     934 0000bbc0                   WLW     3,w3js2,F
     935 0000bc00                   WLW     2,w3js1,F
     936 0000bc40                   W0
TMS340 COFF Macro Assembler Version 6.10     Tue Dec 19 01:45:04 2023
 Copyright (c) 1985-1991  Texas Instruments Incorporated 

basketball plyr sequence code                                        PAGE   18

     937 0000bc50           qacr4
     938 0000bc50                   WLW     N,w4js1,F
     939 0000bc90                   WLW     N,w4js2,F
     940 0000bcd0                   WLW     N,w4js3,F
     941 0000bd10                   WL      -1,seq_jump
     942 0000bd40                   WLW     77,w4js4,F
     943 0000bd80                   WLW     3,w4js4,F
     944 0000bdc0                   WLW     77,w4js5,F
     945 0000be00                   WLW     3,w4js4,F
     946 0000be40                   WLW     3,w4js3,F
     947 0000be80                   WLW     3,w4js2,F
     948 0000bec0                   WLW     2,w4js1,F
     949 0000bf00                   W0
     950 0000bf10           qacr5
     951 0000bf10                   WLW     N,w5js1,F
     952 0000bf50                   WLW     N,w5js2,F
     953 0000bf90                   WLW     N,w5js3,F
     954 0000bfd0                   WL      -1,seq_jump
     955 0000c000                   WLW     77,w5js4,F
     956 0000c040                   WLW     77,w5js5,F
     957 0000c080                   WLW     3,w5js4,F
     958 0000c0c0                   WLW     3,w5js3,F
     959 0000c100                   WLW     3,w5js2,F
     960 0000c140                   WLW     2,w5js1,F
     961 0000c180                   W0
     962 0000c190           qshoot_t
     963 0000c190     2204          .word   NOJUMP_M|SHOOT_M|NOJOY_M
     964 0000c1a0 00000000!         .long   seq_stand
     965 0000c1c0 0000c2c0'         .long   sbfs1,sbfs2,sbfs3,sbfs4,sbfs5,sbfs4,sbfs3,sbfs2
     966                    
     967                            .asg    4,N
     968 0000c2c0           sbfs1
     969 0000c2c0                   WLW     N-1,w1js1,F
     970 0000c300                   WLW     N,w1js2,F
     971 0000c340                   WLW     N,w1js3,F
     972 0000c380                   WL      -1,seq_jump2
     973 0000c3b0                   WLW     77,w1js4,F
     974 0000c3f0                   WLW     77,w1js5,F
     975 0000c430                   WLW     4,w1js2,F
     976 0000c470                   WLW     3,w1js1,F
     977 0000c4b0                   W0
     978 0000c4c0           sbfs2
     979 0000c4c0                   WLW     N-1,w2js1,F
     980 0000c500                   WLW     N,w2js2,F
     981 0000c540                   WLW     N,w2js3,F
     982 0000c580                   WL      -1,seq_jump2
     983 0000c5b0                   WLW     77,w2js4,F
     984 0000c5f0                   WLW     77,w2js5,F
     985 0000c630                   WLW     3,w2js4,F
     986 0000c670                   WLW     3,w2js3,F
     987 0000c6b0                   WLW     3,w2js2,F
     988 0000c6f0                   WLW     2,w2js1,F
     989 0000c730                   W0
     990 0000c740           sbfs3
     991 0000c740                   WLW     N-1,w3js1,F
TMS340 COFF Macro Assembler Version 6.10     Tue Dec 19 01:45:04 2023
 Copyright (c) 1985-1991  Texas Instruments Incorporated 

basketball plyr sequence code                                        PAGE   19

     992 0000c780                   WLW     N,w3js2,F
     993 0000c7c0                   WLW     N,w3js3,F
     994 0000c800                   WL      -1,seq_jump2
     995 0000c830                   WLW     77,w3js4,F
     996 0000c870                   WLW     3,w3js4,F
     997 0000c8b0                   WLW     77,w3js5,F
     998 0000c8f0                   WLW     3,w3js4,F
     999 0000c930                   WLW     3,w3js3,F
    1000 0000c970                   WLW     3,w3js2,F
    1001 0000c9b0                   WLW     2,w3js1,F
    1002 0000c9f0                   W0
    1003 0000ca00           sbfs4
    1004 0000ca00                   WLW     N-1,w4js1,F
    1005 0000ca40                   WLW     N,w4js2,F
    1006 0000ca80                   WLW     N,w4js3,F
    1007 0000cac0                   WL      -1,seq_jump2
    1008 0000caf0                   WLW     77,w4js4,F
    1009 0000cb30                   WLW     3,w4js4,F
    1010 0000cb70                   WLW     77,w4js5,F
    1011 0000cbb0                   WLW     3,w4js4,F
    1012 0000cbf0                   WLW     3,w4js3,F
    1013 0000cc30                   WLW     3,w4js2,F
    1014 0000cc70                   WLW     2,w4js1,F
    1015 0000ccb0                   W0
    1016 0000ccc0           sbfs5
    1017 0000ccc0                   WLW     N-1,w5js1,F
    1018 0000cd00                   WLW     N,w5js2,F
    1019 0000cd40                   WLW     N,w5js3,F
    1020 0000cd80                   WL      -1,seq_jump2
    1021 0000cdb0                   WLW     77,w5js4,F
    1022 0000cdf0                   WLW     77,w5js5,F
    1023 0000ce30                   WLW     3,w5js4,F
    1024 0000ce70                   WLW     3,w5js3,F
    1025 0000ceb0                   WLW     3,w5js2,F
    1026 0000cef0                   WLW     2,w5js1,F
    1027 0000cf30                   W0
    1028                    
    1029 0000cf40           shootdesp_t
    1030 0000cf40     2204          .word   NOJUMP_M|SHOOT_M|NOJOY_M
    1031 0000cf50 00000000!         .long   seq_stand
    1032 0000cf70 0000d070'         .long   told3,told3,told3,told3,told3,told3,told3,told3
    1033 0000d070           told3
    1034 0000d070                   WLW     4,w3desp1,F
    1035 0000d0b0                   WL      -1,seq_jump
    1036 0000d0e0                   WLW     50,w3desp2,F
    1037 0000d120                   WLW     50,w3desp3,F
    1038 0000d160                   WLW     3,w3desp3,F     ;Land
    1039 0000d1a0                   WLW     3,w3desp4,F
    1040 0000d1e0                   WLW     3,w3desp5,F
    1041 0000d220                   WLW     3,w3desp6,F
    1042 0000d260                   W0
    1043                    
    1044 0000d270           shootdesp2_t
    1045 0000d270     2204          .word   NOJUMP_M|SHOOT_M|NOJOY_M
    1046 0000d280 00000000!         .long   seq_stand
TMS340 COFF Macro Assembler Version 6.10     Tue Dec 19 01:45:04 2023
 Copyright (c) 1985-1991  Texas Instruments Incorporated 

basketball plyr sequence code                                        PAGE   20

    1047 0000d2a0 0000d3a0'         .long   bocb3,bocb3,bocb3,bocb3,bocb3,bocb3,bocb3,bocb3
    1048 0000d3a0           bocb3
    1049 0000d3a0                   WLW     3,T1DESP1,F
    1050 0000d3e0                   WLW     3,T1DESP2,F
    1051 0000d420                   WLW     3,T1DESP3,F
    1052 0000d460                   WLW     3,T1DESP4,F
    1053 0000d4a0                   WL      -1,seq_jump
    1054 0000d4d0                   WLW     3,T1DESP5,F
    1055 0000d510                   WL      -1,plyr_shoot
    1056 0000d540                   WLW     4,T1DESP6,F
    1057 0000d580                   WLW     66,T1DESP7,F
    1058 0000d5c0                   WLW     4,T1DESP8,F
    1059 0000d600                   WLW     4,T1DESP9,F
    1060 0000d640                   W0
    1061                    
    1062 0000d650           shootdesp3_t
    1063 0000d650     2204          .word   NOJUMP_M|SHOOT_M|NOJOY_M
    1064 0000d660 00000000!         .long   seq_stand
    1065 0000d680 0000d780'         .long   otjh3,otjh3,otjh3,otjh3,otjh3,otjh3,otjh3,otjh3
    1066 0000d780           otjh3
    1067 0000d780                   WLW     4,T2DESP1,F
    1068 0000d7c0                   WLW     4,T2DESP2,F
    1069 0000d800                   WL      -1,seq_jump
    1070 0000d830                   WLW     12h,T2DESP3,F
    1071 0000d870                   WLW     62h,T2DESP4,F
    1072 0000d8b0                   WLW     28,T2DESP5,F
    1073 0000d8f0                   WLW     4,T2DESP6,F
    1074 0000d930                   W0
    1075                    
    1076                    
    1077 0000d940           passs_t
    1078 0000d940     2400          .word   PASS_M|NOJOY_M
    1079 0000d950 00000000!         .long   seq_stand
    1080 0000d970 0000da70'         .long   ucqh1,ucqh2,ucqh3,ucqh4,ucqh5,ucqh4,ucqh3,ucqh2
    1081                            .asg    3,N
    1082 0000da70           ucqh1
    1083 0000da70                   WLW     N,w1cp1,F
    1084 0000dab0                   WLW     N,w1cp2,F
    1085 0000daf0                   WL      -1,plyr_pass
    1086 0000db20                   WLW     4,w1cp1,F
    1087 0000db60                   W0
    1088 0000db70           ucqh2
    1089 0000db70                   WLW     N,w2cp1,F
    1090 0000dbb0                   WLW     N,w2cp2,F
    1091 0000dbf0                   WL      -1,plyr_pass
    1092 0000dc20                   WLW     4,w2cp1,F
    1093 0000dc60                   W0
    1094 0000dc70           ucqh3
    1095 0000dc70                   WLW     N,w3cp1,F
    1096 0000dcb0                   WLW     N,w3cp2,F
    1097 0000dcf0                   WL      -1,plyr_pass
    1098 0000dd20                   WLW     4,w3cp1,F
    1099 0000dd60                   W0
    1100 0000dd70           ucqh4
    1101 0000dd70                   WLW     N,w4cp1,F
TMS340 COFF Macro Assembler Version 6.10     Tue Dec 19 01:45:04 2023
 Copyright (c) 1985-1991  Texas Instruments Incorporated 

basketball plyr sequence code                                        PAGE   21

    1102 0000ddb0                   WLW     N,w4cp2,F
    1103 0000ddf0                   WL      -1,plyr_pass
    1104 0000de20                   WLW     4,w4cp1,F
    1105 0000de60                   W0
    1106 0000de70           ucqh5
    1107 0000de70                   WLW     N,w5cp1,F
    1108 0000deb0                   WLW     N,w5cp2,F
    1109 0000def0                   WL      -1,plyr_pass
    1110 0000df20                   WLW     4,w5cp1,F
    1111 0000df60                   W0
    1112                    
    1113 0000df70           passc_t
    1114 0000df70     2400          .word   PASS_M|NOJOY_M
    1115 0000df80 00000000!         .long   seq_stand
    1116 0000dfa0 0000e0a0'         .long   ucqhpassc1_l,ucqhpassc2_l,ucqhpassc3_l,ucqhpassc4_l
    1117 0000e020 0000e7a0'         .long   ucqhpassc5_l,ucqhpassc4_l,ucqhpassc3_l,ucqhpassc2_l
    1118                            .asg    4,N
    1119 0000e0a0           ucqhpassc1_l
    1120 0000e0a0                   WLW     N,w1cp1,F
    1121 0000e0e0                   WLW     N,w1cp2,F
    1122 0000e120                   WLW     N,w1cp3,F
    1123 0000e160                   WL      -1,plyr_pass
    1124 0000e190                   WLW     N,w1cp4,F
    1125 0000e1d0                   WLW     4,w1cp3,F
    1126 0000e210                   WLW     4,w1cp1,F
    1127 0000e250                   W0
    1128 0000e260           ucqhpassc2_l
    1129 0000e260                   WLW     N,w2cp1,F
    1130 0000e2a0                   WLW     N,w2cp2,F
    1131 0000e2e0                   WLW     N,w2cp3,F
    1132 0000e320                   WL      -1,plyr_pass
    1133 0000e350                   WLW     N,w2cp4,F
    1134 0000e390                   WLW     4,w2cp3,F
    1135 0000e3d0                   WLW     4,w2cp1,F
    1136 0000e410                   W0
    1137 0000e420           ucqhpassc3_l
    1138 0000e420                   WLW     N,w3cp1,F
    1139 0000e460                   WLW     N,w3cp2,F
    1140 0000e4a0                   WLW     N,w3cp3,F
    1141 0000e4e0                   WL      -1,plyr_pass
    1142 0000e510                   WLW     N,w3cp4,F
    1143 0000e550                   WLW     4,w3cp3,F
    1144 0000e590                   WLW     4,w3cp1,F
    1145 0000e5d0                   W0
    1146 0000e5e0           ucqhpassc4_l
    1147 0000e5e0                   WLW     N,w4cp1,F
    1148 0000e620                   WLW     N,w4cp2,F
    1149 0000e660                   WLW     N,w4cp3,F
    1150 0000e6a0                   WL      -1,plyr_pass
    1151 0000e6d0                   WLW     N,w4cp4,F
    1152 0000e710                   WLW     4,w4cp3,F
    1153 0000e750                   WLW     4,w4cp1,F
    1154 0000e790                   W0
    1155 0000e7a0           ucqhpassc5_l
    1156 0000e7a0                   WLW     N,w5cp1,F
TMS340 COFF Macro Assembler Version 6.10     Tue Dec 19 01:45:04 2023
 Copyright (c) 1985-1991  Texas Instruments Incorporated 

basketball plyr sequence code                                        PAGE   22

    1157 0000e7e0                   WLW     N,w5cp2,F
    1158 0000e820                   WLW     N,w5cp3,F
    1159 0000e860                   WL      -1,plyr_pass
    1160 0000e890                   WLW     N,w5cp4,F
    1161 0000e8d0                   WLW     4,w5cp3,F
    1162 0000e910                   WLW     4,w5cp1,F
    1163 0000e950                   W0
    1164                    
    1165 0000e960           fastpassc_t
    1166 0000e960     2400          .word   PASS_M|NOJOY_M
    1167 0000e970 00000000!         .long   seq_stand
    1168 0000e990 0000ea90'         .long   cewepassc1_l,cewepassc2_l,cewepassc3_l,cewepassc4_l
    1169 0000ea10 0000f190'         .long   cewepassc5_l,cewepassc4_l,cewepassc3_l,cewepassc2_l
    1170                            .asg    3,N
    1171 0000ea90           cewepassc1_l
    1172 0000ea90                   WLW     N,w1cp1,F
    1173 0000ead0                   WLW     N,w1cp2,F
    1174 0000eb10                   WLW     N,w1cp3,F
    1175 0000eb50                   WL      -1,plyr_pass
    1176 0000eb80                   WLW     N,w1cp4,F
    1177 0000ebc0                   WLW     N,w1cp3,F
    1178 0000ec00                   WLW     N,w1cp1,F
    1179 0000ec40                   W0
    1180 0000ec50           cewepassc2_l
    1181 0000ec50                   WLW     N,w2cp1,F
    1182 0000ec90                   WLW     N,w2cp2,F
    1183 0000ecd0                   WLW     N,w2cp3,F
    1184 0000ed10                   WL      -1,plyr_pass
    1185 0000ed40                   WLW     N,w2cp4,F
    1186 0000ed80                   WLW     N,w2cp3,F
    1187 0000edc0                   WLW     N,w2cp1,F
    1188 0000ee00                   W0
    1189 0000ee10           cewepassc3_l
    1190 0000ee10                   WLW     N,w3cp1,F
    1191 0000ee50                   WLW     N,w3cp2,F
    1192 0000ee90                   WLW     N,w3cp3,F
    1193 0000eed0                   WL      -1,plyr_pass
    1194 0000ef00                   WLW     N,w3cp4,F
    1195 0000ef40                   WLW     N,w3cp3,F
    1196 0000ef80                   WLW     N,w3cp1,F
    1197 0000efc0                   W0
    1198 0000efd0           cewepassc4_l
    1199 0000efd0                   WLW     N,w4cp1,F
    1200 0000f010                   WLW     N,w4cp2,F
    1201 0000f050                   WLW     N,w4cp3,F
    1202 0000f090                   WL      -1,plyr_pass
    1203 0000f0c0                   WLW     N,w4cp4,F
    1204 0000f100                   WLW     N,w4cp3,F
    1205 0000f140                   WLW     N,w4cp1,F
    1206 0000f180                   W0
    1207 0000f190           cewepassc5_l
    1208 0000f190                   WLW     N,w5cp1,F
    1209 0000f1d0                   WLW     N,w5cp2,F
    1210 0000f210                   WLW     N,w5cp3,F
    1211 0000f250                   WL      -1,plyr_pass
TMS340 COFF Macro Assembler Version 6.10     Tue Dec 19 01:45:04 2023
 Copyright (c) 1985-1991  Texas Instruments Incorporated 

basketball plyr sequence code                                        PAGE   23

    1212 0000f280                   WLW     N,w5cp4,F
    1213 0000f2c0                   WLW     N,w5cp3,F
    1214 0000f300                   WLW     N,w5cp1,F
    1215 0000f340                   W0
    1216                    
    1217                    
    1218 0000f350           passnewoh_t
    1219 0000f350     2400          .word   PASS_M|NOJOY_M
    1220 0000f360 00000000!         .long   seq_stand
    1221 0000f380 0000f480'         .long   cewepassnoh1_l,cewepassnoh2_l,cewepassnoh3_l,cewepassnoh4_l
    1222 0000f400 0000fd00'         .long   cewepassnoh5_l,cewepassnoh4_l,cewepassnoh3_l,cewepassnoh2_l
    1223                    
    1224                            .asg    3,N
    1225 0000f480           cewepassnoh1_l
    1226 0000f480                   WLW     N,w1ohp1,F
    1227 0000f4c0                   WLW     N,w1ohp2,F
    1228 0000f500                   WLW     N,w1ohp3,F
    1229 0000f540                   WLW     N,w1ohp4,F
    1230 0000f580                   WLW     N,w1ohp5,F
    1231 0000f5c0                   WL      -1,plyr_pass
    1232 0000f5f0                   WLW     N,w1ohp6,F
    1233 0000f630                   WLW     N,w1ohp5,F
    1234 0000f670                   WLW     N,w1ohp4,F
    1235 0000f6b0                   W0
    1236 0000f6c0           cewepassnoh2_l
    1237 0000f6c0                   WLW     N,w2ohp1,F
    1238 0000f700                   WLW     N,w2ohp2,F
    1239 0000f740                   WLW     N,w2ohp3,F
    1240 0000f780                   WLW     N,w2ohp4,F
    1241 0000f7c0                   WL      -1,plyr_pass
    1242 0000f7f0                   WLW     N,w2ohp5,F
    1243 0000f830                   WLW     N,w2ohp4,F
    1244 0000f870                   WLW     N,w2ohp3,F
    1245 0000f8b0                   W0
    1246 0000f8c0           cewepassnoh3_l
    1247 0000f8c0                   WLW     N,w3ohp1,F
    1248 0000f900                   WLW     N,w3ohp2,F
    1249 0000f940                   WLW     N,w3ohp3,F
    1250 0000f980                   WLW     N,w3ohp4,F
    1251 0000f9c0                   WLW     1,w3ohp5,F
    1252 0000fa00                   WL      -1,plyr_pass
    1253 0000fa30                   WLW     N-1,w3ohp5,F
    1254 0000fa70                   WLW     N,w3ohp4,F
    1255 0000fab0                   WLW     N,w3ohp3,F
    1256 0000faf0                   W0
    1257 0000fb00           cewepassnoh4_l
    1258 0000fb00                   WLW     N,w4ohp1,F
    1259 0000fb40                   WLW     N,w4ohp2,F
    1260 0000fb80                   WLW     N,w4ohp3,F
    1261 0000fbc0                   WLW     N,w4ohp4,F
    1262 0000fc00                   WL      -1,plyr_pass
    1263 0000fc30                   WLW     N,w4ohp5,F
    1264 0000fc70                   WLW     N,w4ohp4,F
    1265 0000fcb0                   WLW     N,w4ohp3,F
    1266 0000fcf0                   W0
TMS340 COFF Macro Assembler Version 6.10     Tue Dec 19 01:45:04 2023
 Copyright (c) 1985-1991  Texas Instruments Incorporated 

basketball plyr sequence code                                        PAGE   24

    1267 0000fd00           cewepassnoh5_l
    1268 0000fd00                   WLW     N,w5ohp1,F
    1269 0000fd40                   WLW     N,w5ohp2,F
    1270 0000fd80                   WLW     N,w5ohp3,F
    1271 0000fdc0                   WLW     N,w5ohp4,F
    1272 0000fe00                   WL      -1,plyr_pass
    1273 0000fe30                   WLW     N,w5ohp5,F
    1274 0000fe70                   WLW     N,w5ohp4,F
    1275 0000feb0                   WLW     N,w5ohp3,F
    1276 0000fef0                   W0
    1277                    
    1278 0000ff00           fastpassnewoh_t
    1279 0000ff00     2400          .word   PASS_M|NOJOY_M
    1280 0000ff10 00000000!         .long   seq_stand
    1281 0000ff30 00010030'         .long   glqppassnoh1_l,glqppassnoh2_l,glqppassnoh3_l,glqppassnoh4_l
    1282 0000ffb0 000108b0'         .long   glqppassnoh5_l,glqppassnoh4_l,glqppassnoh3_l,glqppassnoh2_l
    1283                    
    1284                            .asg    2,N
    1285 00010030           glqppassnoh1_l
    1286 00010030                   WLW     N,w1ohp1,F
    1287 00010070                   WLW     N,w1ohp2,F
    1288 000100b0                   WLW     N,w1ohp3,F
    1289 000100f0                   WLW     N,w1ohp4,F
    1290 00010130                   WLW     N,w1ohp5,F
    1291 00010170                   WL      -1,plyr_pass
    1292 000101a0                   WLW     N,w1ohp6,F
    1293 000101e0                   WLW     N,w1ohp5,F
    1294 00010220                   WLW     N,w1ohp4,F
    1295 00010260                   W0
    1296 00010270           glqppassnoh2_l
    1297 00010270                   WLW     N,w2ohp1,F
    1298 000102b0                   WLW     N,w2ohp2,F
    1299 000102f0                   WLW     N,w2ohp3,F
    1300 00010330                   WLW     N,w2ohp4,F
    1301 00010370                   WL      -1,plyr_pass
    1302 000103a0                   WLW     N,w2ohp5,F
    1303 000103e0                   WLW     N,w2ohp4,F
    1304 00010420                   WLW     N,w2ohp3,F
    1305 00010460                   W0
    1306 00010470           glqppassnoh3_l
    1307 00010470                   WLW     N,w3ohp1,F
    1308 000104b0                   WLW     N,w3ohp2,F
    1309 000104f0                   WLW     N,w3ohp3,F
    1310 00010530                   WLW     N,w3ohp4,F
    1311 00010570                   WLW     1,w3ohp5,F
    1312 000105b0                   WL      -1,plyr_pass
    1313 000105e0                   WLW     N-1,w3ohp5,F
    1314 00010620                   WLW     N,w3ohp4,F
    1315 00010660                   WLW     N,w3ohp3,F
    1316 000106a0                   W0
    1317 000106b0           glqppassnoh4_l
    1318 000106b0                   WLW     N,w4ohp1,F
    1319 000106f0                   WLW     N,w4ohp2,F
    1320 00010730                   WLW     N,w4ohp3,F
    1321 00010770                   WLW     N,w4ohp4,F
TMS340 COFF Macro Assembler Version 6.10     Tue Dec 19 01:45:04 2023
 Copyright (c) 1985-1991  Texas Instruments Incorporated 

basketball plyr sequence code                                        PAGE   25

    1322 000107b0                   WL      -1,plyr_pass
    1323 000107e0                   WLW     N,w4ohp5,F
    1324 00010820                   WLW     N,w4ohp4,F
    1325 00010860                   WLW     N,w4ohp3,F
    1326 000108a0                   W0
    1327 000108b0           glqppassnoh5_l
    1328 000108b0                   WLW     N,w5ohp1,F
    1329 000108f0                   WLW     N,w5ohp2,F
    1330 00010930                   WLW     N,w5ohp3,F
    1331 00010970                   WLW     N,w5ohp4,F
    1332 000109b0                   WL      -1,plyr_pass
    1333 000109e0                   WLW     N,w5ohp5,F
    1334 00010a20                   WLW     N,w5ohp4,F
    1335 00010a60                   WLW     N,w5ohp3,F
    1336 00010aa0                   W0
    1337                    
    1338                    
    1339                            .if     0
    1340                    passoh_t
    1341                    
    1342                            .word   PASS_M|NOJOY_M
    1343                            .long   seq_stand
    1344                            .long   glqppassoh1_l,glqppassoh2_l,glqppassoh3_l,glqppassoh4_l
    1345                            .long   glqppassoh5_l,glqppassoh4_l,glqppassoh3_l,glqppassoh2_l
    1346                    
    1347                            .asg    4,N
    1348                    glqppassoh1_l
    1349                            WLW     N,w1ohp1,F
    1350                            WLW     N,w1ohp2,F
    1351                            WLW     N,w1ohp3,F
    1352                            WLW     N,w1ohp4,F
    1353                            WLW     N,w1ohp5,F
    1354                            WL      -1,plyr_pass
    1355                            WLW     N,w1ohp6,F
    1356                            W0
    1357                    glqppassoh2_l
    1358                            WLW     N,w2ohp1,F
    1359                            WLW     N,w2ohp2,F
    1360                            WLW     N,w2ohp3,F
    1361                            WLW     N,w2ohp4,F
    1362                            WL      -1,plyr_pass
    1363                            WLW     N,w2ohp5,F
    1364                            W0
    1365                    glqppassoh3_l
    1366                            WLW     N,w3ohp1,F
    1367                            WLW     N,w3ohp2,F
    1368                            WLW     N,w3ohp3,F
    1369                            WLW     N,w3ohp4,F
    1370                            WL      -1,plyr_pass
    1371                            WLW     N,w3ohp5,F
    1372                            W0
    1373                    glqppassoh4_l
    1374                            WLW     N,w4ohp1,F
    1375                            WLW     N,w4ohp2,F
    1376                            WLW     N,w4ohp3,F
TMS340 COFF Macro Assembler Version 6.10     Tue Dec 19 01:45:04 2023
 Copyright (c) 1985-1991  Texas Instruments Incorporated 

basketball plyr sequence code                                        PAGE   26

    1377                            WLW     N,w4ohp4,F
    1378                            WL      -1,plyr_pass
    1379                            WLW     N,w4ohp5,F
    1380                            W0
    1381                    glqppassoh5_l
    1382                            WLW     N,w5ohp1,F
    1383                            WLW     N,w5ohp2,F
    1384                            WLW     N,w5ohp3,F
    1385                            WLW     N,w5ohp4,F
    1386                            WL      -1,plyr_pass
    1387                            WLW     N,w5ohp5,F
    1388                            W0
    1389                    
    1390                            .endif
    1391                    
    1392 00010ab0           passdo_t
    1393 00010ab0     2404          .word   PASS_M|NOJUMP_M|NOJOY_M
    1394 00010ac0 00000000!         .long   seq_stand
    1395 00010ae0 00010be0'         .long   glqppassdo1_l,glqppassdo2_l,glqppassdo3_l,glqppassdo4_l
    1396 00010b60 00011320'         .long   glqppassdo5_l,glqppassdo4_l,glqppassdo3_l,glqppassdo2_l
    1397                    
    1398 00010be0           glqppassdo1_l
    1399 00010be0                   WLW     1,w1jupa,F
    1400 00010c20                   WL      -1,plyr_pass
    1401 00010c50                   WLW     4,w1jupa,F
    1402 00010c90                   WLW     77,w1js4,F
    1403 00010cd0                   WLW     4,w1js2,F
    1404 00010d10                   WLW     3,w1js1,F
    1405 00010d50                   W0
    1406 00010d60           glqppassdo2_l
    1407 00010d60                   WLW     1,w2jupa,F
    1408 00010da0                   WL      -1,plyr_pass
    1409 00010dd0                   WLW     4,w2jupa,F
    1410 00010e10                   WLW     77,w2js4,F
    1411 00010e50                   WLW     3,w2js3,F
    1412 00010e90                   WLW     3,w2js2,F
    1413 00010ed0                   WLW     2,w2js1,F
    1414 00010f10                   W0
    1415 00010f20           glqppassdo3_l
    1416 00010f20                   WLW     1,w3jupa,F
    1417 00010f60                   WL      -1,plyr_pass
    1418 00010f90                   WLW     4,w3jupa,F
    1419 00010fd0                   WLW     77,w3js5,F
    1420 00011010                   WLW     3,w3js4,F
    1421 00011050                   WLW     3,w3js3,F
    1422 00011090                   WLW     3,w3js2,F
    1423 000110d0                   WLW     2,w3js1,F
    1424 00011110                   W0
    1425 00011120           glqppassdo4_l
    1426 00011120                   WLW     1,w4jupa,F
    1427 00011160                   WL      -1,plyr_pass
    1428 00011190                   WLW     4,w4jupa,F
    1429 000111d0                   WLW     77,w4js5,F
    1430 00011210                   WLW     3,w4js4,F
    1431 00011250                   WLW     3,w4js3,F
TMS340 COFF Macro Assembler Version 6.10     Tue Dec 19 01:45:04 2023
 Copyright (c) 1985-1991  Texas Instruments Incorporated 

basketball plyr sequence code                                        PAGE   27

    1432 00011290                   WLW     3,w4js2,F
    1433 000112d0                   WLW     2,w4js1,F
    1434 00011310                   W0
    1435 00011320           glqppassdo5_l
    1436 00011320                   WLW     1,w5jupa,F
    1437 00011360                   WL      -1,plyr_pass
    1438 00011390                   WLW     4,w5jupa,F
    1439 000113d0                   WLW     77,w5js4,F
    1440 00011410                   WLW     3,w5js3,F
    1441 00011450                   WLW     3,w5js2,F
    1442 00011490                   WLW     2,w5js1,F
    1443 000114d0                   W0
    1444                    
    1445 000114e0           passdo2_t
    1446 000114e0     2404          .word   PASS_M|NOJUMP_M|NOJOY_M
    1447 000114f0 00000000!         .long   seq_stand
    1448 00011510 00011610'         .long   glqppassdo21_l,glqppassdo22_l,glqppassdo23_l,glqppassdo24_l
    1449 00011590 00011c50'         .long   glqppassdo25_l,glqppassdo24_l,glqppassdo23_l,glqppassdo22_l
    1450                    
    1451 00011610           glqppassdo21_l
    1452 00011610                   WLW     1,w1js4,F
    1453 00011650                   WL      -1,plyr_pass
    1454 00011680                   WLW     77,w1js4,F
    1455 000116c0                   WLW     4,w1js2,F
    1456 00011700                   WLW     3,w1js1,F
    1457 00011740                   W0
    1458 00011750           glqppassdo22_l
    1459 00011750                   WLW     1,w2js4,F
    1460 00011790                   WL      -1,plyr_pass
    1461 000117c0                   WLW     77,w2js4,F
    1462 00011800                   WLW     3,w2js3,F
    1463 00011840                   WLW     3,w2js2,F
    1464 00011880                   WLW     2,w2js1,F
    1465 000118c0                   W0
    1466 000118d0           glqppassdo23_l
    1467 000118d0                   WLW     1,w3js5,F
    1468 00011910                   WL      -1,plyr_pass
    1469 00011940                   WLW     77,w3js5,F
    1470 00011980                   WLW     3,w3js4,F
    1471 000119c0                   WLW     3,w3js3,F
    1472 00011a00                   WLW     3,w3js2,F
    1473 00011a40                   WLW     2,w3js1,F
    1474 00011a80                   W0
    1475 00011a90           glqppassdo24_l
    1476 00011a90                   WLW     1,w4js5,F
    1477 00011ad0                   WL      -1,plyr_pass
    1478 00011b00                   WLW     77,w4js5,F
    1479 00011b40                   WLW     3,w4js4,F
    1480 00011b80                   WLW     3,w4js3,F
    1481 00011bc0                   WLW     3,w4js2,F
    1482 00011c00                   WLW     2,w4js1,F
    1483 00011c40                   W0
    1484 00011c50           glqppassdo25_l
    1485 00011c50                   WLW     1,w5js4,F
    1486 00011c90                   WL      -1,plyr_pass
TMS340 COFF Macro Assembler Version 6.10     Tue Dec 19 01:45:04 2023
 Copyright (c) 1985-1991  Texas Instruments Incorporated 

basketball plyr sequence code                                        PAGE   28

    1487 00011cc0                   WLW     77,w5js4,F
    1488 00011d00                   WLW     3,w5js3,F
    1489 00011d40                   WLW     3,w5js2,F
    1490 00011d80                   WLW     2,w5js1,F
    1491 00011dc0                   W0
    1492                    
    1493                    
    1494 00011dd0           passbh_t
    1495 00011dd0     2400          .word   PASS_M|NOJOY_M
    1496 00011de0 00000000!         .long   seq_stand
    1497 00011e00 00011f00'         .long   zaov1,zaov2,zaov3,zaov4,zaov5,zaov4,zaov3,zaov2
    1498                    
    1499                            .asg    3,N
    1500 00011f00           zaov1
    1501 00011f00           zaov2
    1502 00011f00                   WLW     N,T2HIND1,F
    1503 00011f40                   WLW     N,T2HIND2,F
    1504 00011f80                   WLW     N,T2HIND3,F
    1505 00011fc0                   WLW     N,T2HIND4,F
    1506 00012000                   WLW     2,T2HIND5,F
    1507 00012040                   WL      -1,plyr_pass
    1508 00012070                   WLW     3,T2HIND5,F
    1509 000120b0                   WLW     3,T2HIND6,F
    1510 000120f0                   W0
    1511 00012100           zaov3
    1512 00012100           zaov4
    1513 00012100           zaov5
    1514 00012100                   WLW     N,T4HIND1,F
    1515 00012140                   WLW     N,T4HIND2,F
    1516 00012180                   WLW     N,T4HIND3,F
    1517 000121c0                   WLW     N,T4HIND4,F
    1518 00012200                   WLW     N,T4HIND5,F
    1519 00012240                   WLW     2,T4HIND6,F
    1520 00012280                   WL      -1,plyr_pass
    1521 000122b0                   WLW     3,T4HIND6,F
    1522 000122f0                   WLW     3,T4HIND7,F
    1523 00012330                   WLW     3,T4HIND8,F
    1524 00012370                   W0
    1525                    
    1526 00012380           steal_t
    1527 00012380     280c          .word   NOMV_M|NOSTEAL_M|NOJUMP_M|NOJOY_M
    1528 00012390 00000000!         .long   seq_stealstand
    1529 000123b0 000124b0'         .long   cped1,cped2,cped3,cped4,cped5,cped4,cped3,cped2
    1530 000124b0           cped1
    1531 000124b0                   WLW     2,T1SWPE1,F
    1532 000124f0                   WLL     -1,seq_snd,swipe_snd
    1533 00012540                   WLW     2,T1SWPE2,F
    1534 00012580                   WLW     3,T1SWPE3,F
    1535 000125c0                   WLW     2,T1SWPE4,F
    1536 00012600                   WL      -1,seq_stealstand
    1537 00012630                   WLW     2,T1SWPE5,F
    1538 00012670                   WLW     3,T1SWPE6,F
    1539 000126b0                   WLW     2,T1SWPE5,F
    1540 000126f0                   WL      -1,seq_stealstand
    1541 00012720                   WLW     2,T1SWPE4,F
TMS340 COFF Macro Assembler Version 6.10     Tue Dec 19 01:45:04 2023
 Copyright (c) 1985-1991  Texas Instruments Incorporated 

basketball plyr sequence code                                        PAGE   29

    1542 00012760                   WLW     3,T1SWPE3,F
    1543 000127a0                   WLW     2,T1SWPE2,F
    1544 000127e0                   WLW     2,T1SWPE1,F
    1545 00012820                   W0
    1546 00012830           cped2
    1547 00012830                   WLW     2,T2SWPE1,F
    1548 00012870                   WLL     -1,seq_snd,swipe_snd
    1549 000128c0                   WLW     2,T2SWPE2,F
    1550 00012900                   WLW     2,T2SWPE3,F
    1551 00012940                   WLW     2,T2SWPE4,F
    1552 00012980                   WLW     2,T2SWPE5,F
    1553 000129c0                   WL      -1,seq_stealstand
    1554 000129f0                   WLW     2,T2SWPE6,F
    1555 00012a30                   WLW     2,T2SWPE7,F
    1556 00012a70                   WLW     2,T2SWPE6,F
    1557 00012ab0                   WLW     2,T2SWPE5,F
    1558 00012af0                   WL      -1,seq_stealstand
    1559 00012b20                   WLW     2,T2SWPE4,F
    1560 00012b60                   WLW     2,T2SWPE3,F
    1561 00012ba0                   WLW     2,T2SWPE2,F
    1562 00012be0                   WLW     2,T2SWPE1,F
    1563 00012c20                   W0
    1564 00012c30           cped3
    1565 00012c30                   WLW     2,T3SWPE1,F
    1566 00012c70                   WLL     -1,seq_snd,swipe_snd
    1567 00012cc0                   WLW     2,T3SWPE2,F
    1568 00012d00                   WLW     2,T3SWPE3,F
    1569 00012d40                   WLW     2,T3SWPE4,F
    1570 00012d80                   WLW     2,T3SWPE5,F
    1571 00012dc0                   WL      -1,seq_stealstand
    1572 00012df0                   WLW     2,T3SWPE6,F
    1573 00012e30                   WLW     2,T3SWPE7,F
    1574 00012e70                   WLW     2,T3SWPE6,F
    1575 00012eb0                   WLW     2,T3SWPE5,F
    1576 00012ef0                   WL      -1,seq_stealstand
    1577 00012f20                   WLW     2,T3SWPE4,F
    1578 00012f60                   WLW     2,T3SWPE3,F
    1579 00012fa0                   WLW     2,T3SWPE2,F
    1580 00012fe0                   WLW     2,T3SWPE1,F
    1581 00013020                   W0
    1582 00013030           cped4
    1583 00013030                   WLW     2,T4SWPE1,F
    1584 00013070                   WLL     -1,seq_snd,swipe_snd
    1585 000130c0                   WLW     2,T4SWPE2,F
    1586 00013100                   WLW     3,T4SWPE3,F
    1587 00013140                   WLW     2,T4SWPE4,F
    1588 00013180                   WL      -1,seq_stealstand
    1589 000131b0                   WLW     2,T4SWPE5,F
    1590 000131f0                   WLW     3,T4SWPE6,F
    1591 00013230                   WLW     2,T4SWPE5,F
    1592 00013270                   WL      -1,seq_stealstand
    1593 000132a0                   WLW     2,T4SWPE4,F
    1594 000132e0                   WLW     3,T4SWPE3,F
    1595 00013320                   WLW     2,T4SWPE2,F
    1596 00013360                   WLW     2,T4SWPE1,F
TMS340 COFF Macro Assembler Version 6.10     Tue Dec 19 01:45:04 2023
 Copyright (c) 1985-1991  Texas Instruments Incorporated 

basketball plyr sequence code                                        PAGE   30

    1597 000133a0                   W0
    1598 000133b0           cped5
    1599 000133b0                   WLW     2,T5SWPE1,F
    1600 000133f0                   WLL     -1,seq_snd,swipe_snd
    1601 00013440                   WLW     2,T5SWPE2,F
    1602 00013480                   WLW     3,T5SWPE3,F
    1603 000134c0                   WLW     2,T5SWPE4,F
    1604 00013500                   WL      -1,seq_stealstand
    1605 00013530                   WLW     2,T5SWPE5,F
    1606 00013570                   WLW     3,T5SWPE6,F
    1607 000135b0                   WLW     3,T5SWPE5,F
    1608 000135f0                   WL      -1,seq_stealstand
    1609 00013620                   WLW     2,T5SWPE4,F
    1610 00013660                   WLW     3,T5SWPE3,F
    1611 000136a0                   WLW     2,T5SWPE2,F
    1612 000136e0                   WLW     2,T5SWPE1,F
    1613 00013720                   W0
    1614                    
    1615 00013730           push_t
    1616 00013730     200c          .word   NOMV_M|NOJUMP_M|NOJOY_M
    1617 00013740 00000000!         .long   seq_stand
    1618 00013760 00013860'         .long   twmr1,twmr2,twmr3,twmr4,twmr5,twmr4,twmr3,twmr2
    1619 00013860           twmr1
    1620 00013860                   WLW     4,w1cp1,F
    1621 000138a0                   WLW     4,w1cp2,F
    1622 000138e0                   WLW     4,w1cp3,F
    1623 00013920                   WL      -1,seq_push
    1624 00013950                   WLW     4,w1cp4,F
    1625 00013990                   WLW     4,w1cp3,F
    1626 000139d0                   WLW     4,w1cp1,F
    1627 00013a10                   W0
    1628 00013a20           twmr2
    1629 00013a20                   WLW     4,w2push2,F
    1630 00013a60                   WLW     4,w2push3,F
    1631 00013aa0                   WL      -1,seq_push
    1632 00013ad0                   WLW     4,w2push4,F
    1633 00013b10                   WLW     4,w2push3,F
    1634 00013b50                   WLW     4,w2push2,F
    1635 00013b90                   W0
    1636 00013ba0           twmr3
    1637 00013ba0                   WLW     4,w3cp1,F
    1638 00013be0                   WLW     4,w3cp2,F
    1639 00013c20                   WLW     4,w3cp3,F
    1640 00013c60                   WL      -1,seq_push
    1641 00013c90                   WLW     4,w3cp4,F
    1642 00013cd0                   WLW     4,w3cp3,F
    1643 00013d10                   WLW     4,w3cp1,F
    1644 00013d50                   W0
    1645 00013d60           twmr4
    1646 00013d60                   WLW     4,w4push1,F
    1647 00013da0                   WLW     4,w4push2,F
    1648 00013de0                   WL      -1,seq_push
    1649 00013e10                   WLW     4,w4push3,F
    1650 00013e50                   WLW     4,w4push2,F
    1651 00013e90                   WLW     4,w4push1,F
TMS340 COFF Macro Assembler Version 6.10     Tue Dec 19 01:45:04 2023
 Copyright (c) 1985-1991  Texas Instruments Incorporated 

basketball plyr sequence code                                        PAGE   31

    1652 00013ed0                   W0
    1653 00013ee0           twmr5
    1654 00013ee0                   WLW     4,w5cp1,F
    1655 00013f20                   WLW     4,w5cp2,F
    1656 00013f60                   WLW     4,w5cp3,F
    1657 00013fa0                   WL      -1,seq_push
    1658 00013fd0                   WLW     4,w5cp4,F
    1659 00014010                   WLW     4,w5cp3,F
    1660 00014050                   WLW     4,w5cp1,F
    1661 00014090                   W0
    1662                    
    1663                    
    1664                    
    1665                    
    1666                            .end

 No Errors,  No Warnings
