TMS340 COFF Macro Assembler Version 6.10     Tue Dec 19 01:45:14 2023
 Copyright (c) 1985-1991  Texas Instruments Incorporated 

                                                                     PAGE    1

       1                            .file   "plyrstnd.asm"
       3                            .width  132
       4                            .option b,d,l,t
       5                            .mnolist
       6                    
       7                    
       8                            .include        "mproc.equ"
       9                            .include        "disp.equ"
      10                            .include        "sys.equ"
      11                            .include        "imgtbl.glo"
      12                            .include        "imgtbl2.glo"
      13                            .include        "game.equ"
      14                            .include        "shawn.hdr"
      15                            .asg            0,SEQT
      16                            .include        "plyr.equ"
      17                            .include        "stand.tbl"
      18                    
      19                    
      20                    
      21                    
      22                    
      23                    
      24                    
      25                    
      26              8000  M_YF    .equ    08000H  ;Y free (OFLAGS)
      27                    
      28 00000000                   .text
      29                    
      30                    
      31                    
      32                            .asg    M_WRNONZ,F
      33                            .asg    M_WRNONZ|M_FLIPH,FF
      34                    
      35                    
      36 00000000     0010  stnd_t  .word   EASYSTAG_M
      37 00000010 00000000          .long   0
      38 00000030 00000260'         .long   bylhstnd1_l,bylhstnd2_l,bylhstnd3_l,bylhstnd4_l
      39 000000b0 00000aa0'         .long   bylhstnd5_l,bylhstnd4_l,bylhstnd3_l,bylhstnd2_l
      40                    
      41 00000130           stndwb2_t
      42 00000130     0018          .word   EASYSTAG_M|NOMV_M
      43 00000140 00000000          .long   0
      44 00000160 00000260'         .long   bylhstnd1_l,bylhstnd2_l,bylhstnd3_l,bylhstnd4_l
      45 000001e0 00000aa0'         .long   bylhstnd5_l,bylhstnd4_l,bylhstnd3_l,bylhstnd2_l
      46                    
      47                            .asg    4,N             ;5
      48 00000260           bylhstnd1_l
      49 00000260                   WLW     N,W1ST1,F
      50 000002a0                   WLW     N,W1ST2,F
      51 000002e0                   WLW     N,W1ST3,F
      52 00000320                   WLW     N,W1ST4,F
      53 00000360                   WLW     N,W1ST5,F
      54 000003a0                   WLW     N,W1ST4,F
      55 000003e0                   WLW     N,W1ST3,F
      56 00000420                   WLW     N,W1ST2,F
TMS340 COFF Macro Assembler Version 6.10     Tue Dec 19 01:45:14 2023
 Copyright (c) 1985-1991  Texas Instruments Incorporated 

basketball plyr sequence code                                        PAGE    2

      57 00000460                   W0
      58 00000470           bylhstnd2_l
      59 00000470                   WLW     N,W2ST1,F
      60 000004b0                   WLW     N,W2ST2,F
      61 000004f0                   WLW     N,W2ST3,F
      62 00000530                   WLW     N,W2ST4,F
      63 00000570                   WLW     N,W2ST5,F
      64 000005b0                   WLW     N,W2ST4,F
      65 000005f0                   WLW     N,W2ST3,F
      66 00000630                   WLW     N,W2ST2,F
      67 00000670                   W0
      68 00000680           bylhstnd3_l
      69 00000680                   WLW     N,W3ST1,F
      70 000006c0                   WLW     N,W3ST2,F
      71 00000700                   WLW     N,W3ST3,F
      72 00000740                   WLW     N,W3ST4,F
      73 00000780                   WLW     N,W3ST5,F
      74 000007c0                   WLW     N,W3ST4,F
      75 00000800                   WLW     N,W3ST3,F
      76 00000840                   WLW     N,W3ST2,F
      77 00000880                   W0
      78 00000890           bylhstnd4_l
      79 00000890                   WLW     N,W4ST1,F
      80 000008d0                   WLW     N,W4ST2,F
      81 00000910                   WLW     N,W4ST3,F
      82 00000950                   WLW     N,W4ST4,F
      83 00000990                   WLW     N,W4ST5,F
      84 000009d0                   WLW     N,W4ST4,F
      85 00000a10                   WLW     N,W4ST3,F
      86 00000a50                   WLW     N,W4ST2,F
      87 00000a90                   W0
      88 00000aa0           bylhstnd5_l
      89 00000aa0                   WLW     N,W5ST1,F
      90 00000ae0                   WLW     N,W5ST2,F
      91 00000b20                   WLW     N,W5ST3,F
      92 00000b60                   WLW     N,W5ST4,F
      93 00000ba0                   WLW     N,W5ST5,F
      94 00000be0                   WLW     N,W5ST4,F
      95 00000c20                   WLW     N,W5ST3,F
      96 00000c60                   WLW     N,W5ST2,F
      97 00000ca0                   W0
      98                    
      99                    
     100                            .end

 No Errors,  No Warnings
