TMS340 COFF Macro Assembler Version 6.10     Tue Dec 19 01:45:08 2023
 Copyright (c) 1985-1991  Texas Instruments Incorporated 

                                                                     PAGE    1

       1                            .file   "sounds.asm"
       3                            .width  132
       4                            .option b,d,l,t
       5                            .mnolist
       6                    
       7                    
       8                            .include        "mproc.equ"
       9                            .include        "sys.equ"
      10                            .include        "game.equ"
      11                            .include        "shawn.hdr"
      12                            .include        "audit.equ"
      13                    
      14                    
      15                            .ref    AUD1
      16                            .ref    gmqrtr
      17                    
      18                    
      19                            .def    SNDSND
      20                            .def    musicoff_snd,YAMOFF,FADE_DOWN,ALLOFF,FADE_UP,ALLOFF
      21                    
      22                    
      23                            .def    coin_snd,beep2_snd
      24                            .def    cntdown_snd
      25                            .def    tune2_snd,horn_snd
      26                    
      27                    
      28              0000  SNDPRI  .SET    0       ;PRIORITY (00=LOWEST, FF=HIGHEST)
      29              0010  SNDTMR  .SET    010h    ;TIMER COUNTDOWN
      30              0020  SNDPTR  .SET    020h    ;POINTER TO SOUND TABLE DATA
      31              0040  SNDREP  .SET    040h    ;REPEAT COUNT OF SOUND
      32              0060  SNDST   .SET    060h    ;ADDRESS OF SOUND TABLE START
      33              0080  SNDSIZ  .SET    080h    ;Note: Code uses shifts
      34                    
      35              0015  SL_CHANNEL      EQU     21      ;SHIFTS REQUIRED TO ISOLATE CHANNEL NUMBER
      36              001d  SR_CHANNEL      EQU     29
      37                    
      38              0006  NCHAN           EQU     6       ;DECLARE NUMBER OF ALLOWED CHANNELS
      39              0003  MUSICHAN        EQU     3       ;THIS CHANNEL IS FOR THE TUNES
      40                    
      41              fe00  RESETBIT        EQU     0FE00H  ;THIS IS THE ^RESET BIT
      42                    
      43              007a  EXTENDED_CODE   EQU     7AH     ;SEND THIS TO INDICATE EXTENDED SOUND CALL
      44                    
      45                    
      46 00000000                   BSSX    sound_rev       ,16
      47 00000000                   BSSX    SOUNDSUP        ,16             ;!0=Sounds off
      48 00000020                   .bss    SNDSTR          ,8*SNDSIZ       ;RESERVE STORAGE AREA
      49 00000420                   .bss    SNDEND          ,0              ;END OF SOUND PROCESSOR RAM
      50                    
      51                    
      52 00000000                   .text
      53                    
      54                    
      55                    
      56 00000000            SUBR   snd_reset
TMS340 COFF Macro Assembler Version 6.10     Tue Dec 19 01:45:08 2023
 Copyright (c) 1985-1991  Texas Instruments Incorporated 

sound processor                                                      PAGE    2

      57                    
      58 00000000     09e0          movi    RESETBIT,a0     ;Reset on
         00000010 0000fe00  
      59 00000030     0580          move    a0,@SOUND
         00000040 01d01030  
      60                    
      61 00000060     09c0          movi    100,a0          ;Delay
         00000070     0064  
      62 00000080     0d80          dsj     a0,$
         00000090     fffe  
      63                    
      64 000000a0     09e0          movi    0FF00h,a0       ;Reset off      ;gnp 2/15/93
         000000b0 0000ff00  
      65 000000d0     0580          move    a0,@SOUND
         000000e0 01d01030  
      66                    
      67 00000100     5600          clr     a0
      68 00000110     09e1          movi    SNDSTR,a1
         00000120 00000020- 
      69 00000140     9001  iectlp  move    a0,*a1+
      70 00000150     0b61          cmpi    SNDEND,a1
         00000160 fffffbdf- 
      71 00000180     c8fb          jrlo    iectlp
      72                    
      73 00000190     0960          rets
      74                    
      75                    
      76 000001a0            SUBR   QSNDRST
      77                    
      78 000001a0                   PUSH    a3
      79                    
      80 000001b0     0d3f          callr   snd_reset
         000001c0     ffe3  
      81 000001d0     09c0          movi    50*6/3,a0
         000001e0     0064  
      82 000001f0     0d80          dsj     a0,$            ;Delay 50us
         00000200     fffe  
      83 00000210     5663          clr     a3
      84 00000220     0d3f          callr   SNDSND          ;Kill dig sound
         00000230     0076  
      85                    
      86 00000240                   PULL    a3
      87 00000250     0960          rets
      88                    
      89                    
      90                    
      91 00000260            SUBR   snd_play1ovrp
      92                    
      93 00000260                   PUSH    a2,a3
      94 00000280     1821          movk    1,a1
      95 00000290     05a2          move    @SOUNDSUP,a2
         000002a0 00000010- 
      96 000002c0     cb3f          jrnz    iectx                   ;Quiet?
      97                    
      98 000002d0     8402          move    *a0,a2                  ;Get priority word
TMS340 COFF Macro Assembler Version 6.10     Tue Dec 19 01:45:08 2023
 Copyright (c) 1985-1991  Texas Instruments Incorporated 

sound processor                                                      PAGE    3

      99 000002e0     4c43          move    a2,a3
     100 000002f0     26a2          sll     SL_CHANNEL,a2
     101 00000300     2c62          srl     SR_CHANNEL,a2           ;Extract channel bits
     102 00000310     24e2          sll     7,a2                    ;*SNDSIZ
     103 00000320     0b22          addi    SNDSTR,a2               ;+Base
         00000330 00000020- 
     104                    
     105 00000350     844e          move    *a2,a14                 ;Get current priority
     106 00000360     2703          sll     32-8,a3                 ;Mask priorities
     107 00000370     270e          sll     32-8,a14
     108 00000380     49c3          cmp     a14,a3
     109 00000390     c232          jrls    iectx                   ;New pri <= old pri?
     110                    
     111 000003a0     c025          jruc    sl50
     112                    
     113                    
     114                    
     115 000003b0            SUBR   snd_play1ovr
     116                    
     117 000003b0                   PUSH    a2,a3
     118 000003d0     1821          movk    1,a1
     119 000003e0     05a2          move    @SOUNDSUP,a2
         000003f0 00000010- 
     120 00000410     cb2a          jrnz    iectx                   ;Quiet?
     121 00000420     8402          move    *a0,a2                  ;Get priority word
     122 00000430     26a2          sll     SL_CHANNEL,a2
     123 00000440     2c62          srl     SR_CHANNEL,a2           ;Extract channel bits
     124 00000450     24e2          sll     7,a2                    ;*SNDSIZ
     125 00000460     0b22          addi    SNDSTR,a2               ;+Base
         00000470 00000020- 
     126 00000490     c016          jruc    sl50
     127                    
     128                    
     129                    
     130 000004a0            SUBR   snd_play1
     131                    
     132 000004a0     1821          movk    1,a1
     133                    
     134                    
     135                    
     136 000004b0            SUBR   snd_play
     137                    
     138 000004b0                   PUSH    a2,a3
     139                    
     140 000004d0           sl20
     141 000004d0     05a2          move    @SOUNDSUP,a2
         000004e0 00000010- 
     142 00000500     cb1b          jrnz    iectx                   ;Quiet?
     143                    
     144 00000510     8402          move    *a0,a2                  ;Get priority word
     145 00000520     4c43          move    a2,a3
     146 00000530     26a2          sll     SL_CHANNEL,a2
     147 00000540     2c62          srl     SR_CHANNEL,a2           ;Extract channel bits
     148 00000550     24e2          sll     7,a2                    ;*SNDSIZ
     149 00000560     0b22          addi    SNDSTR,a2               ;+Base
TMS340 COFF Macro Assembler Version 6.10     Tue Dec 19 01:45:08 2023
 Copyright (c) 1985-1991  Texas Instruments Incorporated 

sound processor                                                      PAGE    4

         00000570 00000020- 
     150                    
     151 00000590     844e          move    *a2,a14                 ;Get current priority
     152 000005a0     1e8e          btst    11,a14
     153 000005b0     cb10          jrnz    iectx                   ;Non-interruptable?
     154 000005c0     2703          sll     32-8,a3                 ;Mask priorities
     155 000005d0     270e          sll     32-8,a14
     156 000005e0     49c3          cmp     a14,a3
     157 000005f0     c80c          jrlo    iectx                   ;New pri < old pri?
     158                    
     159 00000600     b202  sl50    move    a0,*a2(SNDST),L         ;Setup sound start pointer
         00000610     0060  
     160 00000620     9a02          move    *a0+,*a2+,L             ;Set PRI,TMR
     161 00000630     9403          move    *a0+,a3                 ;Snd code
     162 00000640     9202          move    a0,*a2+,L               ;Set PTR
     163 00000650     9022          move    a1,*a2+                 ;Set RPT (Repeat count)
     164 00000660     0d3f          callr   SNDSND                  ;Send sound code
         00000670     0032  
     165 00000680                   PULL    a2,a3
     166 000006a0     0320          clrc                            ;ok
     167 000006b0     0960          rets
     168                    
     169 000006c0           iectx   PULL    a2,a3
     170 000006e0     0de0          setc                            ;fail
     171 000006f0     0960          rets
     172                    
     173                    
     174                    
     175 00000700            SUBR   snd_update
     176                    
     177 00000700     09e0          movi    SNDSTR,a0
         00000710 00000020- 
     178 00000730     18c1          movk    NCHAN,a1
     179 00000740     b402  splp    move    *a0(SNDTMR),a2  ;Check timer
         00000750     0010  
     180 00000760     ca06          jrz     sp5             ;Inactive channel?
     181 00000770     1422          subk    1,a2
     182 00000780     b040          move    a2,*a0(SNDTMR)  ;New time
         00000790     0010  
     183 000007a0     cb02          jrnz    sp5             ;No timeout?
     184 000007b0     0d3f          callr   SNDUPD          ;Update sound
         000007c0     0004  
     185 000007d0     0b00  sp5     addi    SNDSIZ,a0
         000007e0     0080  
     186 000007f0     3d81          dsjs    a1,splp
     187 00000800     0960          rets
     188                    
     189                    
     190                    
     191 00000810           SNDUPD
     192 00000810     b602          move    *a0(SNDPTR),a2,L        ;Get * to rom table
         00000820     0020  
     193 00000830     9443  sud2    move    *a2+,a3                 ;Get next rom table entry
     194 00000840     cb0e          jrnz    sud8                    ;Another snd?
     195                    
TMS340 COFF Macro Assembler Version 6.10     Tue Dec 19 01:45:08 2023
 Copyright (c) 1985-1991  Texas Instruments Incorporated 

sound processor                                                      PAGE    5

     196 00000850     b403          move    *a0(SNDREP),a3          ;Check repeat count
         00000860     0040  
     197 00000870     1423          subk    1,a3
     198 00000880     b060          move    a3,*a0(SNDREP)
         00000890     0040  
     199 000008a0     c603          jrle    sud6                    ;No repeats?
     200 000008b0     b602          move    *a0(SNDST),a2,L
         000008c0     0060  
     201 000008d0     c0f5          jruc    sud2                    ;Start sound over
     202                    
     203 000008e0     5642  sud6    clr     a2
     204 000008f0     8040          move    a2,*a0                  ;Clear sound priority
     205 00000900     b240          move    a2,*a0(SNDST),L         ;Clear sound ptr 
         00000910     0060  
     206 00000920     0960          rets
     207                    
     208 00000930           sud8
     209 00000930     b240          move    a2,*a0(SNDST),L         ;setup sound start pointer (SNDST)
         00000940     0060  
     210 00000950     9a40          move    *a2+,*a0+,L             ;set PRI,TMR
     211 00000960     9443          move    *a2+,a3                 ;snd code
     212 00000970     9240          move    a2,*a0+,L               ;set SNDPTR
     213 00000980     0be0          subi    40h,a0                  ;fix a0
         00000990     ffbf  
     214                    
     215                    
     216                     .if 0
     217                            move    a3,*a0+                 ;Set PRI
     218                            move    *a2+,*a0+               ;Set TMR
     219                            move    *a2+,a3                 ;Get code
     220                            move    a2,*a0,L                ;Set PTR
     221                            subk    32,a0                   ;Fix A0
     222                     .endif
     223                    
     224                    
     225                    
     226 000009a0           SNDSND
     227 000009a0                   PUSH    a3
     228                    
     229 000009b0     26e3          sll     32-9,a3
     230 000009c0     2d23          srl     32-9,a3                 ;Strip off bits
     231                    
     232                    
     233 000009d0     0b43          cmpi    0100H,a3
         000009e0     feff  
     234 000009f0     c808          jrlo    ss20                    ;Not extended sound call?
     235 00000a00     4e60          move    a3,b0
     236 00000a10     09c3          movi    EXTENDED_CODE,a3        ;Send the extended feature
         00000a20     007a  
     237 00000a30     0d3f          callr   SNDSND
         00000a40     fff5  
     238 00000a50     4e13          move    b0,a3
     239                    
     240 00000a60     2703          sll     32-8,a3
     241 00000a70     2d03          srl     32-8,a3
TMS340 COFF Macro Assembler Version 6.10     Tue Dec 19 01:45:08 2023
 Copyright (c) 1985-1991  Texas Instruments Incorporated 

sound processor                                                      PAGE    6

     242 00000a80           ss20
     243 00000a80     0b23          addi    SOUNDBIT,a3             ;Pull sound section interrupt
         00000a90 0000ff00  
     244 00000ab0     0583          move    a3,@SOUND               ;Hit sound (LOW)
         00000ac0 01d01030  
     245                    
     246                            .if     TUNIT
     247 00000ae0     190e          movk    8,a14
     248 00000af0     0d8e          dsj     a14,$                   ;Slow it down a bit
         00000b00     fffe  
     249                    
     250                            .else
     251                    
     252                            movk    8,a14
     253                            dsj     a14,$
     254                    
     255                            ori     0ff00H,a3               ;Put out 1's
     256                            move    a3,@SOUND
     257                    
     258                            movk    8,a14
     259                            dsj     a14,$
     260                            .endif
     261                    
     262 00000b10     09c3          movi    390/3,a3                ;180 micros max firq delay on snd board
         00000b20     0082  
     263 00000b30     07ee  ss50    movb    @SOUNDIRQ+B_SIRQ-7,a14
         00000b40 01d00000  
     264 00000b60     ce01          jrn     uvbix                   ;Done?
     265 00000b70     3ca3          dsj     a3,ss50
     266                            .if     DEBUG
     267                            nop                             ;So we can breakpoint
     268                            .endif
     269                    
     270 00000b80           uvbix   PULL    a3
     271 00000b90     0960          rets
     272                    
     273                    
     274                    
     275                    
     276                    
     277 00000ba0           FADE_UP
     278 00000ba0     09e8          MOVI    FADE_UP_TAB,A8
         00000bb0 00000d70' 
     279 00000bd0     c004          JRUC    FADER
     280 00000be0           FADE_DOWN
     281 00000be0     09e8          MOVI    FADE_DOWN_TAB,A8
         00000bf0 00000f90' 
     282 00000c10     0300          JRUC    FADER
     283                    
     284 00000c20           FADER
     285 00000c20     09c0          MOVI    FADEPID,A0
         00000c30     007b  
     286 00000c40     5621          CLR     A1
     287 00000c50     03e1          NOT     A1
     288 00000c60     0d5f          CALLA   KILALL                  ;WASTE ANY OTHER FADERS
TMS340 COFF Macro Assembler Version 6.10     Tue Dec 19 01:45:08 2023
 Copyright (c) 1985-1991  Texas Instruments Incorporated 

sound processor                                                      PAGE    7

         00000c70 00000000! 
     289 00000c90           FADE_LP
     290 00000c90     9700          MOVE    *A8+,A0,L
     291 00000ca0     ca09          JRZ     FADE_DONE
     292 00000cb0     0d3f          callr   snd_play1
         00000cc0     ff7d  
     293 00000cd0                   SLOOPR  A11,FADE_LP
     294 00000d40           FADE_DONE
     295 00000d40                   DIE
     296                    
     297 00000d70           FADE_UP_TAB
     298 00000d70 00001370'         .LONG   VOLUME0
     299 00000d90 000013b0'         .LONG   VOLUME1
     300 00000db0 000013f0'         .LONG   VOLUME2
     301 00000dd0 00001430'         .LONG   VOLUME3
     302 00000df0 00001470'         .LONG   VOLUME4
     303 00000e10 000014b0'         .LONG   VOLUME5
     304 00000e30 000014f0'         .LONG   VOLUME6
     305 00000e50 00001530'         .LONG   VOLUME7
     306 00000e70 00001570'         .LONG   VOLUME8
     307 00000e90 000015b0'         .LONG   VOLUME9
     308 00000eb0 000015f0'         .LONG   VOLUMEA
     309 00000ed0 00001630'         .LONG   VOLUMEB
     310 00000ef0 00001670'         .LONG   VOLUMEC
     311 00000f10 000016b0'         .LONG   VOLUMED
     312 00000f30 000016f0'         .LONG   VOLUMEE
     313 00000f50 00001730'         .LONG   VOLUMEF
     314 00000f70 00000000          .LONG   0
     315                    
     316 00000f90           FADE_DOWN_TAB
     317 00000f90 00001730'         .LONG   VOLUMEF
     318 00000fb0 000016f0'         .LONG   VOLUMEE
     319 00000fd0 000016b0'         .LONG   VOLUMED
     320 00000ff0 00001670'         .LONG   VOLUMEC
     321 00001010 00001630'         .LONG   VOLUMEB
     322 00001030 000015f0'         .LONG   VOLUMEA
     323 00001050 000015b0'         .LONG   VOLUME9
     324 00001070 00001570'         .LONG   VOLUME8
     325 00001090 00001530'         .LONG   VOLUME7
     326 000010b0 000014f0'         .LONG   VOLUME6
     327 000010d0 000014b0'         .LONG   VOLUME5
     328 000010f0 00001470'         .LONG   VOLUME4
     329 00001110 00001430'         .LONG   VOLUME3
     330 00001130 000013f0'         .LONG   VOLUME2
     331 00001150 000013b0'         .LONG   VOLUME1
     332 00001170 00001370'         .LONG   VOLUME0
     333 00001190 00000000          .LONG   0
     334                    
     335                    
     336                    
     337 000011b0     f8ff  CVSDOFF         .WORD   0F0FFH|0800H,001H,08000H,0      ;CVSD BACKGROUND LOOP OFF
     338 000011f0     f8ff  CVSDFOFF        .WORD   0F0FFH|0800H,001H,08000H,0      ;CVSD FOREGROUND LOOP OFF
     339 00001230     f8ff  SOUNDOFF        .WORD   0F0FFH|0800H,001H,08000H,0      ;TURN SOUND SIDE OFF
     340 00001270     fbff  ALLOFF          .WORD   0F3FFH|0800H,001H,08000H,0      ;MUSIC AND EFFECTS OFF
     341 000012b0     fbff  musicoff_snd    .WORD   0F3FFH|0800H,001H,0807EH,0      ;TURN JUST MUSIC OFF
TMS340 COFF Macro Assembler Version 6.10     Tue Dec 19 01:45:08 2023
 Copyright (c) 1985-1991  Texas Instruments Incorporated 

sound processor                                                      PAGE    8

     342 000012f0     fbff  MUSITOFF        .WORD   0F3FFH|0800H,001H,08040H,0      ;MUSIC TRANSITION OFF
     343 00001330     faff  YAMOFF          .WORD   0F2FFH|0800H,001H,0807FH,0      ;YAMAHA EFFECT OFF
     344                    
     345 00001370     f3fe  VOLUME0 .WORD   0F3FEH,01H,0802FH,0
     346 000013b0     f3fe  VOLUME1 .WORD   0F3FEH,01H,0802EH,0
     347 000013f0     f3fe  VOLUME2 .WORD   0F3FEH,01H,0802DH,0
     348 00001430     f3fe  VOLUME3 .WORD   0F3FEH,01H,0802CH,0
     349 00001470     f3fe  VOLUME4 .WORD   0F3FEH,01H,0802BH,0
     350 000014b0     f3fe  VOLUME5 .WORD   0F3FEH,01H,0802AH,0
     351 000014f0     f3fe  VOLUME6 .WORD   0F3FEH,01H,08029H,0
     352 00001530     f3fe  VOLUME7 .WORD   0F3FEH,01H,08028H,0
     353 00001570     f3fe  VOLUME8 .WORD   0F3FEH,01H,08027H,0
     354 000015b0     f3fe  VOLUME9 .WORD   0F3FEH,01H,08026H,0
     355 000015f0     f3fe  VOLUMEA .WORD   0F3FEH,01H,08025H,0
     356 00001630     f3fe  VOLUMEB .WORD   0F3FEH,01H,08024H,0
     357 00001670     f3fe  VOLUMEC .WORD   0F3FEH,01H,08023H,0
     358 000016b0     f3fe  VOLUMED .WORD   0F3FEH,01H,08022H,0
     359 000016f0     f3fe  VOLUMEE .WORD   0F3FEH,01H,08021H,0
     360 00001730     f3fe  VOLUMEF .WORD   0F3FEH,01H,08020H,0
     361                    
     362                    
     363                    
     364                    
     365 00001770     f3ff  coin_snd        .word   0f3ffH,08H,080a4H,0     ;coin in melody snd
     366                    
     367 000017b0     fcf7  beep2_snd       .word   0fcf7H,05H,08123H,0     ;beep tone for diagnostics
     368 000017f0     fcf5  cntdown_snd     .word   0fcf5H,5,08123H,0               ;buyin cntdwn clang
     369                    
     370 00001830     f8fe  horn_snd        .word   0f8feH,058H,08159H,0    ;horn
     371                    
     372                    
     373 00001870     f3fe  tune2_snd       .word   0f3feH,1,08002H,0               ;main game play tune
     374                    
     375                    
     376                    
     377                    
     378                    
     379                    
     380                    
     381                    
     382 000018b0            SUBR   sound_watchdog
     383                    
     384                    
     385 000018b0                   SLEEPK  1
     386                    
     387 000018f0     05a0          move    @SOUNDR,a0              ;clear sound data available latch
         00001900 01d81030  
     388                    
     389 00001920     09e3          movi    0ffaah,a3               ;Pull sound section interrupt
         00001930 0000ffaa  
     390 00001950     0583          move    a3,@SOUND               ;Hit sound (LOW)
         00001960 01d01030  
     391                    
     392 00001980                   SLEEPK  8
     393                    
TMS340 COFF Macro Assembler Version 6.10     Tue Dec 19 01:45:08 2023
 Copyright (c) 1985-1991  Texas Instruments Incorporated 

sound processor                                                      PAGE    9

     394 000019c0     07e3          movb    @SOUNDR,a3
         000019d0 01d81030  
     395 000019f0     0583          move    a3,@sound_rev           ;determine snd board rev.
         00001a00 00000000- 
     396                    
     397                    
     398 00001a20           aiaqwatchdog_loop
     399                    
     400 00001a20                   SLEEP   60
     401                    
     402                    
     403 00001a70     09e3          movi    0ffaah,a3               ;Pull sound section interrupt
         00001a80 0000ffaa  
     404 00001aa0     0583          move    a3,@SOUND               ;Hit sound (LOW)
         00001ab0 01d01030  
     405                    
     406 00001ad0     190e          movk    8,a14
     407 00001ae0     0d8e          dsj     a14,$                   ;Slow it down a bit
         00001af0     fffe  
     408                    
     409                    
     410                    
     411                    
     412                            .if     0
     413                    
     414                            movi    390/3,a3                ;180 micros max firq delay on snd board
     415                    aiaqlp1 movb    @SOUNDIRQ+B_SIRQ-7,a14
     416                            jrn     aiaqok1                 ;Done?
     417                            dsj     a3,aiaqlp1
     418                    
     419                            movi    AUD_SNDERR1,a0          ;log it
     420                            calla   AUD1
     421                            jruc    aiaqreset_board
     422                    
     423                    
     424                            .endif
     425                    
     426                    
     427                    
     428                    
     429 00001b00           aiaqok1
     430                    
     431 00001b00     05a0          move    @sound_rev,a0           ;if old sound board software
         00001b10 00000000- 
     432 00001b30     0b40          cmpi    05ah,a0                 ;then skip these two checks
         00001b40     ffa5  
     433 00001b50     cbd5          jrne    sound_watchdog
     434                    
     435                    
     436 00001b60                   SLEEPK  8                       ;approx 128 msec delay
     437                    
     438 00001ba0     07ee          movb    @SOUNDIRQ+B_SDAV-7,a14
         00001bb0 01cfffff  
     439 00001bd0     ce06          jrn     aiaqok2
     440                    
TMS340 COFF Macro Assembler Version 6.10     Tue Dec 19 01:45:08 2023
 Copyright (c) 1985-1991  Texas Instruments Incorporated 

sound processor                                                      PAGE   10

     441 00001be0     09c0          movi    AUD_SNDERR,a0           ;log it
         00001bf0     005d  
     442 00001c00     0d5f          calla   AUD1
         00001c10 00000000! 
     443 00001c30     c00b          jruc    aiaqreset_board
     444                    
     445 00001c40           aiaqok2
     446                    
     447 00001c40     07e3          movb    @SOUNDR,a3
         00001c50 01d81030  
     448 00001c70     0b43          cmpi    05ah,a3
         00001c80     ffa5  
     449 00001c90     cad8          jreq    aiaqwatchdog_loop
     450                    
     451 00001ca0     09c0          movi    AUD_SNDERR,a0           ;log it
         00001cb0     005d  
     452 00001cc0     0d5f          calla   AUD1
         00001cd0 00000000! 
     453 00001cf0           aiaqreset_board
     454                    
     455 00001cf0     0d3f          callr   QSNDRST                 ;quiet hardware sound board reset
         00001d00     fe49  
     456                    
     457 00001d10                   SLEEP   90
     458                    
     459 00001d60     05a0          move    @gmqrtr,a0
         00001d70 00000000! 
     460 00001d90     24a0          sll     5,a0
     461 00001da0     0b20          addi    aiaqtune_t,a0
         00001db0 00001e20' 
     462 00001dd0     8600          move    *a0,a0,L
     463 00001de0     0d5f          calla   snd_play1ovr
         00001df0 000003b0' 
     464                    
     465 00001e10     c0c0          jruc    aiaqwatchdog_loop
     466                    
     467                    
     468 00001e20 00001fc0' aiaqtune_t      .long   tuneq2_snd,tuneq2_snd,tuneq3_snd,tuneq4_snd,tuneot_snd
     469 00001ec0 00002080'         .long   tuneot_snd,tuneot_snd,tuneot_snd,tuneot_snd
     470 00001f40 00002080'         .long   tuneot_snd,tuneot_snd,tuneot_snd,tuneot_snd
     471                    
     472 00001fc0     f3ff  tuneq2_snd      .word   0f3ffH,08H,08006H,0     ;Quarter 2 tune
     473 00002000     f3ff  tuneq3_snd      .word   0f3ffH,08H,08007H,0     ;Quarter 3 tune
     474 00002040     f3ff  tuneq4_snd      .word   0f3ffH,08H,08008H,0     ;Quarter 4 tune
     475 00002080     f3ff  tuneot_snd      .word   0f3ffH,08H,0800bH,0     ;Quarter o.t.
     476                    
     477                    
     478                    
     479                            .end

 No Errors,  No Warnings
